-------------------------------------------------------------------------------
Test set: RunCucumberTest
-------------------------------------------------------------------------------
Tests run: 23, Failures: 0, Errors: 23, Skipped: 0, Time elapsed: 0.967 s <<< FAILURE! -- in RunCucumberTest
Configurações da Conta de Usuário.Atualizar e-mail com sucesso -- Time elapsed: 0.149 s <<< ERROR!
io.cucumber.junit.UndefinedStepException: 
The step 'que estou logado no sistema' and 5 other step(s) are undefined.
You can implement these steps using the snippet(s) below:

@Given("que estou logado no sistema")
public void que_estou_logado_no_sistema() {
    // Write code here that turns the phrase above into concrete actions
    throw new io.cucumber.java.PendingException();
}
@Given("acesso a página de configurações de conta")
public void acesso_a_página_de_configurações_de_conta() {
    // Write code here that turns the phrase above into concrete actions
    throw new io.cucumber.java.PendingException();
}
@When("eu altero meu e-mail para {string}")
public void eu_altero_meu_e_mail_para(String string) {
    // Write code here that turns the phrase above into concrete actions
    throw new io.cucumber.java.PendingException();
}
@When("o e-mail não está em uso por outro usuário")
public void o_e_mail_não_está_em_uso_por_outro_usuário() {
    // Write code here that turns the phrase above into concrete actions
    throw new io.cucumber.java.PendingException();
}
@Then("o sistema deve salvar o novo e-mail")
public void o_sistema_deve_salvar_o_novo_e_mail() {
    // Write code here that turns the phrase above into concrete actions
    throw new io.cucumber.java.PendingException();
}
@Then("exibir uma mensagem de sucesso {string}")
public void exibir_uma_mensagem_de_sucesso(String string) {
    // Write code here that turns the phrase above into concrete actions
    throw new io.cucumber.java.PendingException();
}


Configurações da Conta de Usuário.Atualizar e-mail já existente -- Time elapsed: 0.002 s <<< ERROR!
io.cucumber.junit.UndefinedStepException: 
The step 'que estou logado no sistema' and 5 other step(s) are undefined.
You can implement these steps using the snippet(s) below:

@Given("que estou logado no sistema")
public void que_estou_logado_no_sistema() {
    // Write code here that turns the phrase above into concrete actions
    throw new io.cucumber.java.PendingException();
}
@Given("acesso a página de configurações de conta")
public void acesso_a_página_de_configurações_de_conta() {
    // Write code here that turns the phrase above into concrete actions
    throw new io.cucumber.java.PendingException();
}
@When("eu altero meu e-mail para {string}")
public void eu_altero_meu_e_mail_para(String string) {
    // Write code here that turns the phrase above into concrete actions
    throw new io.cucumber.java.PendingException();
}
@When("o e-mail já está em uso por outro usuário")
public void o_e_mail_já_está_em_uso_por_outro_usuário() {
    // Write code here that turns the phrase above into concrete actions
    throw new io.cucumber.java.PendingException();
}
@Then("o sistema deve recusar a alteração")
public void o_sistema_deve_recusar_a_alteração() {
    // Write code here that turns the phrase above into concrete actions
    throw new io.cucumber.java.PendingException();
}
@Then("exibir a mensagem {string}")
public void exibir_a_mensagem(String string) {
    // Write code here that turns the phrase above into concrete actions
    throw new io.cucumber.java.PendingException();
}


Configurações da Conta de Usuário.Alterar senha com sucesso -- Time elapsed: 0.013 s <<< ERROR!
io.cucumber.junit.UndefinedStepException: 
The step 'que estou logado no sistema' and 7 other step(s) are undefined.
You can implement these steps using the snippet(s) below:

@Given("que estou logado no sistema")
public void que_estou_logado_no_sistema() {
    // Write code here that turns the phrase above into concrete actions
    throw new io.cucumber.java.PendingException();
}
@Given("acesso a página de configurações de conta")
public void acesso_a_página_de_configurações_de_conta() {
    // Write code here that turns the phrase above into concrete actions
    throw new io.cucumber.java.PendingException();
}
@When("eu informo minha senha atual {string}")
public void eu_informo_minha_senha_atual(String string) {
    // Write code here that turns the phrase above into concrete actions
    throw new io.cucumber.java.PendingException();
}
@When("informo a nova senha {string}")
public void informo_a_nova_senha(String string) {
    // Write code here that turns the phrase above into concrete actions
    throw new io.cucumber.java.PendingException();
}
@When("confirmo a nova senha")
public void confirmo_a_nova_senha() {
    // Write code here that turns the phrase above into concrete actions
    throw new io.cucumber.java.PendingException();
}
@Then("o sistema deve validar a senha atual")
public void o_sistema_deve_validar_a_senha_atual() {
    // Write code here that turns the phrase above into concrete actions
    throw new io.cucumber.java.PendingException();
}
@Then("armazenar a nova senha com criptografia forte")
public void armazenar_a_nova_senha_com_criptografia_forte() {
    // Write code here that turns the phrase above into concrete actions
    throw new io.cucumber.java.PendingException();
}
@Then("exibir a mensagem {string}")
public void exibir_a_mensagem(String string) {
    // Write code here that turns the phrase above into concrete actions
    throw new io.cucumber.java.PendingException();
}


Configurações da Conta de Usuário.Alterar senha com senha atual incorreta -- Time elapsed: 0.016 s <<< ERROR!
io.cucumber.junit.UndefinedStepException: 
The step 'que estou logado no sistema' and 5 other step(s) are undefined.
You can implement these steps using the snippet(s) below:

@Given("que estou logado no sistema")
public void que_estou_logado_no_sistema() {
    // Write code here that turns the phrase above into concrete actions
    throw new io.cucumber.java.PendingException();
}
@Given("acesso a página de configurações de conta")
public void acesso_a_página_de_configurações_de_conta() {
    // Write code here that turns the phrase above into concrete actions
    throw new io.cucumber.java.PendingException();
}
@When("eu informo uma senha atual incorreta {string}")
public void eu_informo_uma_senha_atual_incorreta(String string) {
    // Write code here that turns the phrase above into concrete actions
    throw new io.cucumber.java.PendingException();
}
@When("tento cadastrar a nova senha {string}")
public void tento_cadastrar_a_nova_senha(String string) {
    // Write code here that turns the phrase above into concrete actions
    throw new io.cucumber.java.PendingException();
}
@Then("o sistema deve recusar a alteração")
public void o_sistema_deve_recusar_a_alteração() {
    // Write code here that turns the phrase above into concrete actions
    throw new io.cucumber.java.PendingException();
}
@Then("exibir a mensagem {string}")
public void exibir_a_mensagem(String string) {
    // Write code here that turns the phrase above into concrete actions
    throw new io.cucumber.java.PendingException();
}


Configurações da Conta de Usuário.Definir moeda e formato de data preferidos -- Time elapsed: 0.013 s <<< ERROR!
io.cucumber.junit.UndefinedStepException: 
The step 'que estou logado no sistema' and 7 other step(s) are undefined.
You can implement these steps using the snippet(s) below:

@Given("que estou logado no sistema")
public void que_estou_logado_no_sistema() {
    // Write code here that turns the phrase above into concrete actions
    throw new io.cucumber.java.PendingException();
}
@Given("acesso a página de configurações de conta")
public void acesso_a_página_de_configurações_de_conta() {
    // Write code here that turns the phrase above into concrete actions
    throw new io.cucumber.java.PendingException();
}
@When("eu seleciono a moeda {string}")
public void eu_seleciono_a_moeda(String string) {
    // Write code here that turns the phrase above into concrete actions
    throw new io.cucumber.java.PendingException();
}
@When("seleciono o formato de data {string}")
public void seleciono_o_formato_de_data(String string) {
    // Write code here that turns the phrase above into concrete actions
    throw new io.cucumber.java.PendingException();
}
@Then("o sistema deve salvar as preferências")
public void o_sistema_deve_salvar_as_preferências() {
    // Write code here that turns the phrase above into concrete actions
    throw new io.cucumber.java.PendingException();
}
@Then("exibir a mensagem {string}")
public void exibir_a_mensagem(String string) {
    // Write code here that turns the phrase above into concrete actions
    throw new io.cucumber.java.PendingException();
}
@Then("todos os valores monetários exibidos devem estar em dólares")
public void todos_os_valores_monetários_exibidos_devem_estar_em_dólares() {
    // Write code here that turns the phrase above into concrete actions
    throw new io.cucumber.java.PendingException();
}
@Then("todas as datas exibidas devem seguir o formato {string}")
public void todas_as_datas_exibidas_devem_seguir_o_formato(String string) {
    // Write code here that turns the phrase above into concrete actions
    throw new io.cucumber.java.PendingException();
}


Gestão de Contas e Cartões.Cadastrar cartão de crédito com sucesso -- Time elapsed: 0.007 s <<< ERROR!
io.cucumber.junit.UndefinedStepException: 
The step 'que estou logado no sistema' and 4 other step(s) are undefined.
You can implement these steps using the snippet(s) below:

@Given("que estou logado no sistema")
public void que_estou_logado_no_sistema() {
    // Write code here that turns the phrase above into concrete actions
    throw new io.cucumber.java.PendingException();
}
@Given("acesso a página de gestão de contas e cartões")
public void acesso_a_página_de_gestão_de_contas_e_cartões() {
    // Write code here that turns the phrase above into concrete actions
    throw new io.cucumber.java.PendingException();
}
@When("eu cadastro um cartão de crédito com limite de {string}")
public void eu_cadastro_um_cartão_de_crédito_com_limite_de(String string) {
    // Write code here that turns the phrase above into concrete actions
    throw new io.cucumber.java.PendingException();
}
@Then("o sistema deve salvar os dados do cartão")
public void o_sistema_deve_salvar_os_dados_do_cartão() {
    // Write code here that turns the phrase above into concrete actions
    throw new io.cucumber.java.PendingException();
}
@Then("exibir a mensagem {string}")
public void exibir_a_mensagem(String string) {
    // Write code here that turns the phrase above into concrete actions
    throw new io.cucumber.java.PendingException();
}


Gestão de Contas e Cartões.Calcular limite disponível após nova despesa -- Time elapsed: 0.011 s <<< ERROR!
io.cucumber.junit.UndefinedStepException: 
The step 'que tenho um cartão de crédito com limite total de "5000"' and 3 other step(s) are undefined.
You can implement these steps using the snippet(s) below:

@Given("que tenho um cartão de crédito com limite total de {string}")
public void que_tenho_um_cartão_de_crédito_com_limite_total_de(String string) {
    // Write code here that turns the phrase above into concrete actions
    throw new io.cucumber.java.PendingException();
}
@Given("despesas na fatura aberta somando {string}")
public void despesas_na_fatura_aberta_somando(String string) {
    // Write code here that turns the phrase above into concrete actions
    throw new io.cucumber.java.PendingException();
}
@When("eu realizo uma nova compra de {string}")
public void eu_realizo_uma_nova_compra_de(String string) {
    // Write code here that turns the phrase above into concrete actions
    throw new io.cucumber.java.PendingException();
}
@Then("o sistema deve recalcular o limite disponível como {string}")
public void o_sistema_deve_recalcular_o_limite_disponível_como(String string) {
    // Write code here that turns the phrase above into concrete actions
    throw new io.cucumber.java.PendingException();
}


Gestão de Contas e Cartões.Fechamento automático da fatura -- Time elapsed: 0.008 s <<< ERROR!
io.cucumber.junit.UndefinedStepException: 
The step 'que tenho uma fatura em aberto com despesas' and 4 other step(s) are undefined.
You can implement these steps using the snippet(s) below:

@Given("que tenho uma fatura em aberto com despesas")
public void que_tenho_uma_fatura_em_aberto_com_despesas() {
    // Write code here that turns the phrase above into concrete actions
    throw new io.cucumber.java.PendingException();
}
@Given("a data de fechamento é hoje")
public void a_data_de_fechamento_é_hoje() {
    // Write code here that turns the phrase above into concrete actions
    throw new io.cucumber.java.PendingException();
}
@When("o processo de fechamento de fatura é executado")
public void o_processo_de_fechamento_de_fatura_é_executado() {
    // Write code here that turns the phrase above into concrete actions
    throw new io.cucumber.java.PendingException();
}
@Then("o sistema deve consolidar o valor a pagar")
public void o_sistema_deve_consolidar_o_valor_a_pagar() {
    // Write code here that turns the phrase above into concrete actions
    throw new io.cucumber.java.PendingException();
}
@Then("criar uma nova fatura para o próximo período")
public void criar_uma_nova_fatura_para_o_próximo_período() {
    // Write code here that turns the phrase above into concrete actions
    throw new io.cucumber.java.PendingException();
}


Gestão de Contas e Cartões.Cadastrar conta corrente com sucesso -- Time elapsed: 0.015 s <<< ERROR!
io.cucumber.junit.UndefinedStepException: 
The step 'que estou logado no sistema' and 4 other step(s) are undefined.
You can implement these steps using the snippet(s) below:

@Given("que estou logado no sistema")
public void que_estou_logado_no_sistema() {
    // Write code here that turns the phrase above into concrete actions
    throw new io.cucumber.java.PendingException();
}
@Given("acesso a página de gestão de contas")
public void acesso_a_página_de_gestão_de_contas() {
    // Write code here that turns the phrase above into concrete actions
    throw new io.cucumber.java.PendingException();
}
@When("eu cadastro uma conta corrente no banco {string} agência {string} número {string} com saldo inicial {string}")
public void eu_cadastro_uma_conta_corrente_no_banco_agência_número_com_saldo_inicial(String string, String string2, String string3, String string4) {
    // Write code here that turns the phrase above into concrete actions
    throw new io.cucumber.java.PendingException();
}
@Then("o sistema deve salvar os dados da conta")
public void o_sistema_deve_salvar_os_dados_da_conta() {
    // Write code here that turns the phrase above into concrete actions
    throw new io.cucumber.java.PendingException();
}
@Then("exibir a mensagem {string}")
public void exibir_a_mensagem(String string) {
    // Write code here that turns the phrase above into concrete actions
    throw new io.cucumber.java.PendingException();
}


Gestão de Contas e Cartões.Atualizar saldo da conta corrente após depósito -- Time elapsed: 0.005 s <<< ERROR!
io.cucumber.junit.UndefinedStepException: 
The step 'que tenho uma conta corrente com saldo "2000"' and 2 other step(s) are undefined.
You can implement these steps using the snippet(s) below:

@Given("que tenho uma conta corrente com saldo {string}")
public void que_tenho_uma_conta_corrente_com_saldo(String string) {
    // Write code here that turns the phrase above into concrete actions
    throw new io.cucumber.java.PendingException();
}
@When("eu registro um depósito de {string}")
public void eu_registro_um_depósito_de(String string) {
    // Write code here that turns the phrase above into concrete actions
    throw new io.cucumber.java.PendingException();
}
@Then("o saldo da conta deve ser atualizado para {string}")
public void o_saldo_da_conta_deve_ser_atualizado_para(String string) {
    // Write code here that turns the phrase above into concrete actions
    throw new io.cucumber.java.PendingException();
}


Gestão de Contas e Cartões.Atualizar saldo da conta corrente após retirada -- Time elapsed: 0.004 s <<< ERROR!
io.cucumber.junit.UndefinedStepException: 
The step 'que tenho uma conta corrente com saldo "2000"' and 2 other step(s) are undefined.
You can implement these steps using the snippet(s) below:

@Given("que tenho uma conta corrente com saldo {string}")
public void que_tenho_uma_conta_corrente_com_saldo(String string) {
    // Write code here that turns the phrase above into concrete actions
    throw new io.cucumber.java.PendingException();
}
@When("eu registro uma retirada de {string}")
public void eu_registro_uma_retirada_de(String string) {
    // Write code here that turns the phrase above into concrete actions
    throw new io.cucumber.java.PendingException();
}
@Then("o saldo da conta deve ser atualizado para {string}")
public void o_saldo_da_conta_deve_ser_atualizado_para(String string) {
    // Write code here that turns the phrase above into concrete actions
    throw new io.cucumber.java.PendingException();
}


Gestão de Contas e Cartões.Cadastrar conta poupança com sucesso -- Time elapsed: 0.006 s <<< ERROR!
io.cucumber.junit.UndefinedStepException: 
The step 'que estou logado no sistema' and 4 other step(s) are undefined.
You can implement these steps using the snippet(s) below:

@Given("que estou logado no sistema")
public void que_estou_logado_no_sistema() {
    // Write code here that turns the phrase above into concrete actions
    throw new io.cucumber.java.PendingException();
}
@Given("acesso a página de gestão de contas")
public void acesso_a_página_de_gestão_de_contas() {
    // Write code here that turns the phrase above into concrete actions
    throw new io.cucumber.java.PendingException();
}
@When("eu cadastro uma conta poupança no banco {string} agência {string} número {string} com saldo inicial {string}")
public void eu_cadastro_uma_conta_poupança_no_banco_agência_número_com_saldo_inicial(String string, String string2, String string3, String string4) {
    // Write code here that turns the phrase above into concrete actions
    throw new io.cucumber.java.PendingException();
}
@Then("o sistema deve salvar os dados da conta")
public void o_sistema_deve_salvar_os_dados_da_conta() {
    // Write code here that turns the phrase above into concrete actions
    throw new io.cucumber.java.PendingException();
}
@Then("exibir a mensagem {string}")
public void exibir_a_mensagem(String string) {
    // Write code here that turns the phrase above into concrete actions
    throw new io.cucumber.java.PendingException();
}


Gestão de Contas e Cartões.Registrar depósito em conta poupança -- Time elapsed: 0.004 s <<< ERROR!
io.cucumber.junit.UndefinedStepException: 
The step 'que tenho uma conta poupança com saldo "3000"' and 2 other step(s) are undefined.
You can implement these steps using the snippet(s) below:

@Given("que tenho uma conta poupança com saldo {string}")
public void que_tenho_uma_conta_poupança_com_saldo(String string) {
    // Write code here that turns the phrase above into concrete actions
    throw new io.cucumber.java.PendingException();
}
@When("eu registro um depósito de {string}")
public void eu_registro_um_depósito_de(String string) {
    // Write code here that turns the phrase above into concrete actions
    throw new io.cucumber.java.PendingException();
}
@Then("o saldo da conta deve ser atualizado para {string}")
public void o_saldo_da_conta_deve_ser_atualizado_para(String string) {
    // Write code here that turns the phrase above into concrete actions
    throw new io.cucumber.java.PendingException();
}


Gestão de Contas e Cartões.Registrar retirada em conta poupança -- Time elapsed: 0.010 s <<< ERROR!
io.cucumber.junit.UndefinedStepException: 
The step 'que tenho uma conta poupança com saldo "3000"' and 2 other step(s) are undefined.
You can implement these steps using the snippet(s) below:

@Given("que tenho uma conta poupança com saldo {string}")
public void que_tenho_uma_conta_poupança_com_saldo(String string) {
    // Write code here that turns the phrase above into concrete actions
    throw new io.cucumber.java.PendingException();
}
@When("eu registro uma retirada de {string}")
public void eu_registro_uma_retirada_de(String string) {
    // Write code here that turns the phrase above into concrete actions
    throw new io.cucumber.java.PendingException();
}
@Then("o saldo da conta deve ser atualizado para {string}")
public void o_saldo_da_conta_deve_ser_atualizado_para(String string) {
    // Write code here that turns the phrase above into concrete actions
    throw new io.cucumber.java.PendingException();
}


Gestão de Contas e Cartões.Cadastrar carteira digital com sucesso -- Time elapsed: 0.011 s <<< ERROR!
io.cucumber.junit.UndefinedStepException: 
The step 'que estou logado no sistema' and 4 other step(s) are undefined.
You can implement these steps using the snippet(s) below:

@Given("que estou logado no sistema")
public void que_estou_logado_no_sistema() {
    // Write code here that turns the phrase above into concrete actions
    throw new io.cucumber.java.PendingException();
}
@Given("acesso a página de gestão de contas")
public void acesso_a_página_de_gestão_de_contas() {
    // Write code here that turns the phrase above into concrete actions
    throw new io.cucumber.java.PendingException();
}
@When("eu cadastro uma carteira digital {string} com saldo inicial {string}")
public void eu_cadastro_uma_carteira_digital_com_saldo_inicial(String string, String string2) {
    // Write code here that turns the phrase above into concrete actions
    throw new io.cucumber.java.PendingException();
}
@Then("o sistema deve salvar os dados da carteira")
public void o_sistema_deve_salvar_os_dados_da_carteira() {
    // Write code here that turns the phrase above into concrete actions
    throw new io.cucumber.java.PendingException();
}
@Then("exibir a mensagem {string}")
public void exibir_a_mensagem(String string) {
    // Write code here that turns the phrase above into concrete actions
    throw new io.cucumber.java.PendingException();
}


Gestão de Contas e Cartões.Atualizar saldo da carteira digital após entrada -- Time elapsed: 0.005 s <<< ERROR!
io.cucumber.junit.UndefinedStepException: 
The step 'que tenho uma carteira digital "PayPal" com saldo "800"' and 2 other step(s) are undefined.
You can implement these steps using the snippet(s) below:

@Given("que tenho uma carteira digital {string} com saldo {string}")
public void que_tenho_uma_carteira_digital_com_saldo(String string, String string2) {
    // Write code here that turns the phrase above into concrete actions
    throw new io.cucumber.java.PendingException();
}
@When("eu registro uma entrada de {string}")
public void eu_registro_uma_entrada_de(String string) {
    // Write code here that turns the phrase above into concrete actions
    throw new io.cucumber.java.PendingException();
}
@Then("o saldo da carteira deve ser atualizado para {string}")
public void o_saldo_da_carteira_deve_ser_atualizado_para(String string) {
    // Write code here that turns the phrase above into concrete actions
    throw new io.cucumber.java.PendingException();
}


Gestão de Contas e Cartões.Atualizar saldo da carteira digital após saída -- Time elapsed: 0.005 s <<< ERROR!
io.cucumber.junit.UndefinedStepException: 
The step 'que tenho uma carteira digital "PayPal" com saldo "800"' and 2 other step(s) are undefined.
You can implement these steps using the snippet(s) below:

@Given("que tenho uma carteira digital {string} com saldo {string}")
public void que_tenho_uma_carteira_digital_com_saldo(String string, String string2) {
    // Write code here that turns the phrase above into concrete actions
    throw new io.cucumber.java.PendingException();
}
@When("eu registro uma saída de {string}")
public void eu_registro_uma_saída_de(String string) {
    // Write code here that turns the phrase above into concrete actions
    throw new io.cucumber.java.PendingException();
}
@Then("o saldo da carteira deve ser atualizado para {string}")
public void o_saldo_da_carteira_deve_ser_atualizado_para(String string) {
    // Write code here that turns the phrase above into concrete actions
    throw new io.cucumber.java.PendingException();
}


Gestão de Categorias.Adicionar uma nova categoria com sucesso -- Time elapsed: 0.004 s <<< ERROR!
io.cucumber.junit.UndefinedStepException: 
The step 'que o usuário está na tela de gerenciamento de categorias' and 2 other step(s) are undefined.
You can implement these steps using the snippet(s) below:

@Dado("que o usuário está na tela de gerenciamento de categorias")
public void que_o_usuário_está_na_tela_de_gerenciamento_de_categorias() {
    // Write code here that turns the phrase above into concrete actions
    throw new io.cucumber.java.PendingException();
}
@Quando("o usuário insere o nome {string} e salva")
public void o_usuário_insere_o_nome_e_salva(String string) {
    // Write code here that turns the phrase above into concrete actions
    throw new io.cucumber.java.PendingException();
}
@Então("a categoria {string} deve aparecer na lista de categorias")
public void a_categoria_deve_aparecer_na_lista_de_categorias(String string) {
    // Write code here that turns the phrase above into concrete actions
    throw new io.cucumber.java.PendingException();
}


Gestão de Categorias.Tentar adicionar uma categoria que já existe -- Time elapsed: 0.006 s <<< ERROR!
io.cucumber.junit.UndefinedStepException: 
The step 'que a categoria "Moradia" já existe na lista' and 3 other step(s) are undefined.
You can implement these steps using the snippet(s) below:

@Dado("que a categoria {string} já existe na lista")
public void que_a_categoria_já_existe_na_lista(String string) {
    // Write code here that turns the phrase above into concrete actions
    throw new io.cucumber.java.PendingException();
}
@Quando("o usuário tenta criar uma nova categoria com o nome {string}")
public void o_usuário_tenta_criar_uma_nova_categoria_com_o_nome(String string) {
    // Write code here that turns the phrase above into concrete actions
    throw new io.cucumber.java.PendingException();
}
@Então("o sistema deve exibir uma mensagem de erro {string}")
public void o_sistema_deve_exibir_uma_mensagem_de_erro(String string) {
    // Write code here that turns the phrase above into concrete actions
    throw new io.cucumber.java.PendingException();
}
@Então("a lista de categorias não deve ser alterada")
public void a_lista_de_categorias_não_deve_ser_alterada() {
    // Write code here that turns the phrase above into concrete actions
    throw new io.cucumber.java.PendingException();
}


Gestão de Categorias.Deletar uma categoria que não está em uso -- Time elapsed: 0.009 s <<< ERROR!
io.cucumber.junit.UndefinedStepException: 
The step 'que o usuário tem uma categoria chamada "Extra"' and 3 other step(s) are undefined.
You can implement these steps using the snippet(s) below:

@Dado("que o usuário tem uma categoria chamada {string}")
public void que_o_usuário_tem_uma_categoria_chamada(String string) {
    // Write code here that turns the phrase above into concrete actions
    throw new io.cucumber.java.PendingException();
}
@Dado("não existe nenhuma transação associada à categoria {string}")
public void não_existe_nenhuma_transação_associada_à_categoria(String string) {
    // Write code here that turns the phrase above into concrete actions
    throw new io.cucumber.java.PendingException();
}
@Quando("o usuário escolhe deletar a categoria {string}")
public void o_usuário_escolhe_deletar_a_categoria(String string) {
    // Write code here that turns the phrase above into concrete actions
    throw new io.cucumber.java.PendingException();
}
@Então("a categoria {string} deve ser removida da lista")
public void a_categoria_deve_ser_removida_da_lista(String string) {
    // Write code here that turns the phrase above into concrete actions
    throw new io.cucumber.java.PendingException();
}


Gestão de Categorias.Tentar deletar uma categoria que está em uso -- Time elapsed: 0.024 s <<< ERROR!
io.cucumber.junit.UndefinedStepException: 
The step 'que o usuário tem uma categoria chamada "Alimentação"' and 4 other step(s) are undefined.
You can implement these steps using the snippet(s) below:

@Dado("que o usuário tem uma categoria chamada {string}")
public void que_o_usuário_tem_uma_categoria_chamada(String string) {
    // Write code here that turns the phrase above into concrete actions
    throw new io.cucumber.java.PendingException();
}
@Dado("existe pelo menos uma transação associada à categoria {string}")
public void existe_pelo_menos_uma_transação_associada_à_categoria(String string) {
    // Write code here that turns the phrase above into concrete actions
    throw new io.cucumber.java.PendingException();
}
@Quando("o usuário tenta deletar a categoria {string}")
public void o_usuário_tenta_deletar_a_categoria(String string) {
    // Write code here that turns the phrase above into concrete actions
    throw new io.cucumber.java.PendingException();
}
@Então("o sistema deve exibir uma mensagem de erro {string}")
public void o_sistema_deve_exibir_uma_mensagem_de_erro(String string) {
    // Write code here that turns the phrase above into concrete actions
    throw new io.cucumber.java.PendingException();
}
@Então("a categoria {string} deve continuar na lista")
public void a_categoria_deve_continuar_na_lista(String string) {
    // Write code here that turns the phrase above into concrete actions
    throw new io.cucumber.java.PendingException();
}


Metas de Poupança.Fazer um aporte (contribuição) com saldo suficiente -- Time elapsed: 0.011 s <<< ERROR!
io.cucumber.junit.UndefinedStepException: 
The step 'que eu tenho uma meta de poupança "Viagem de Férias" com saldo atual de R$ 500,00' and 4 other step(s) are undefined.
You can implement these steps using the snippet(s) below:

@Dado("que eu tenho uma meta de poupança {string} com saldo atual de R$ {double}")
public void que_eu_tenho_uma_meta_de_poupança_com_saldo_atual_de_r$(String string, Double double1) {
    // Write code here that turns the phrase above into concrete actions
    throw new io.cucumber.java.PendingException();
}
@Dado("o saldo da minha Conta principal é de R$ {double}")
public void o_saldo_da_minha_conta_principal_é_de_r$(Double double1) {
    // Write code here that turns the phrase above into concrete actions
    throw new io.cucumber.java.PendingException();
}
@Quando("eu faço um aporte de R$ {double} para a meta {string}")
public void eu_faço_um_aporte_de_r$_para_a_meta(Double double1, String string) {
    // Write code here that turns the phrase above into concrete actions
    throw new io.cucumber.java.PendingException();
}
@Então("o saldo da meta {string} deve ser R$ {double}")
public void o_saldo_da_meta_deve_ser_r$(String string, Double double1) {
    // Write code here that turns the phrase above into concrete actions
    throw new io.cucumber.java.PendingException();
}
@Então("o saldo da minha Conta principal deve ser R$ {double}")
public void o_saldo_da_minha_conta_principal_deve_ser_r$(Double double1) {
    // Write code here that turns the phrase above into concrete actions
    throw new io.cucumber.java.PendingException();
}


Metas de Poupança.Tentar fazer um aporte com saldo insuficiente -- Time elapsed: 0.009 s <<< ERROR!
io.cucumber.junit.UndefinedStepException: 
The step 'que eu tenho uma meta de poupança "Celular Novo" com saldo atual de R$ 100,00' and 4 other step(s) are undefined.
You can implement these steps using the snippet(s) below:

@Dado("que eu tenho uma meta de poupança {string} com saldo atual de R$ {double}")
public void que_eu_tenho_uma_meta_de_poupança_com_saldo_atual_de_r$(String string, Double double1) {
    // Write code here that turns the phrase above into concrete actions
    throw new io.cucumber.java.PendingException();
}
@Dado("o saldo da minha Conta principal é de R$ {double}")
public void o_saldo_da_minha_conta_principal_é_de_r$(Double double1) {
    // Write code here that turns the phrase above into concrete actions
    throw new io.cucumber.java.PendingException();
}
@Quando("eu tento fazer um aporte de R$ {double} para a meta {string}")
public void eu_tento_fazer_um_aporte_de_r$_para_a_meta(Double double1, String string) {
    // Write code here that turns the phrase above into concrete actions
    throw new io.cucumber.java.PendingException();
}
@Então("o sistema deve exibir a mensagem de erro {string}")
public void o_sistema_deve_exibir_a_mensagem_de_erro(String string) {
    // Write code here that turns the phrase above into concrete actions
    throw new io.cucumber.java.PendingException();
}
@Então("o saldo da meta {string} deve permanecer R$ {double}")
public void o_saldo_da_meta_deve_permanecer_r$(String string, Double double1) {
    // Write code here that turns the phrase above into concrete actions
    throw new io.cucumber.java.PendingException();
}


