<?xml version="1.0" encoding="UTF-8"?>
<testsuite xmlns:xsi="http://www.w3.org/2001/XMLSchema-instance" xsi:noNamespaceSchemaLocation="https://maven.apache.org/surefire/maven-surefire-plugin/xsd/surefire-test-report-3.0.xsd" version="3.0" name="RunCucumberTest" time="4.896" tests="112" errors="0" skipped="0" failures="0">
  <properties>
[...]
</properties>
  <testcase name="Agendamento de transações bancárias" classname="Automação e Agendamento de transações" time="0.333">
    <system-out><![CDATA[
Scenario: Agendamento de transações bancárias                                                                           &amp#27;[90m# automacao_e_agendamento_de_transacoes.feature:7&amp#27;[0m
  &amp#27;[32mGiven &amp#27;[0m&amp#27;[32mque existe uma transação para o usuário pagar que é debitada do seu cartao no dia &amp#27;[0m&amp#27;[32m&amp#27;[1m"16/09/2025"&amp#27;[0m                  &amp#27;[90m# dominio.agendamento.AgendamentoTest.givenCartaoDebitoNoDia(java.lang.String)&amp#27;[0m
  &amp#27;[32mWhen &amp#27;[0m&amp#27;[32mo usuário precisa registrar essa transação para o dia &amp#27;[0m&amp#27;[32m&amp#27;[1m"16/09/2025"&amp#27;[0m                                               &amp#27;[90m# dominio.agendamento.AgendamentoTest.whenRegistrarParaDia(java.lang.String)&amp#27;[0m
  &amp#27;[32mAnd &amp#27;[0m&amp#27;[32mo dia atual é &amp#27;[0m&amp#27;[32m&amp#27;[1m"10/09/2025"&amp#27;[0m                                                                                        &amp#27;[90m# dominio.agendamento.AgendamentoTest.andHojeEh(java.lang.String)&amp#27;[0m
  &amp#27;[32mThen &amp#27;[0m&amp#27;[32mo usuário verá que o sistema salvou como &amp#27;[0m&amp#27;[32m&amp#27;[1m"agendada"&amp#27;[0m&amp#27;[32m para o dia &amp#27;[0m&amp#27;[32m&amp#27;[1m"16/09/2025"&amp#27;[0m&amp#27;[32m uma transferência que será realizada&amp#27;[0m &amp#27;[90m# dominio.agendamento.AgendamentoTest.thenTransacaoSalvaComo(java.lang.String,java.lang.String)&amp#27;[0m
]]></system-out>
  </testcase>
  <testcase name="Agendamento de transação com data no passado (rejeição)" classname="Automação e Agendamento de transações" time="0.01">
    <system-out><![CDATA[
Scenario: Agendamento de transação com data no passado (rejeição)    &amp#27;[90m# automacao_e_agendamento_de_transacoes.feature:13&amp#27;[0m
  &amp#27;[32mGiven &amp#27;[0m&amp#27;[32mque a data atual é &amp#27;[0m&amp#27;[32m&amp#27;[1m"20/09/2025"&amp#27;[0m                              &amp#27;[90m# dominio.agendamento.AgendamentoTest.givenDataAtual(java.lang.String)&amp#27;[0m
  &amp#27;[32mWhen &amp#27;[0m&amp#27;[32mo usuário tenta agendar uma transação para o dia &amp#27;[0m&amp#27;[32m&amp#27;[1m"10/09/2025"&amp#27;[0m &amp#27;[90m# dominio.agendamento.AgendamentoTest.usuarioTentaAgendarTransacaoParaODia(java.lang.String)&amp#27;[0m
  &amp#27;[32mThen &amp#27;[0m&amp#27;[32mo sistema não deve salvar o agendamento&amp#27;[0m                       &amp#27;[90m# dominio.agendamento.AgendamentoTest.sistemaNaoDeveSalvarAgendamento_regex()&amp#27;[0m
  &amp#27;[32mAnd &amp#27;[0m&amp#27;[32mdeve informar que a data é inválida por estar no passado&amp#27;[0m       &amp#27;[90m# dominio.agendamento.AgendamentoTest.deveInformarQueDataInvalidaPorEstarNoPassado_regex()&amp#27;[0m
]]></system-out>
  </testcase>
  <testcase name="Cancelamento de transações bancárias" classname="Automação e Agendamento de transações" time="0.012">
    <system-out><![CDATA[
Scenario: Cancelamento de transações bancárias                                                      &amp#27;[90m# automacao_e_agendamento_de_transacoes.feature:19&amp#27;[0m
  &amp#27;[32mGiven &amp#27;[0m&amp#27;[32mque existe uma transação para o usuário efetuar no dia &amp#27;[0m&amp#27;[32m&amp#27;[1m"16/09/2025"&amp#27;[0m&amp#27;[32m no valor de &amp#27;[0m&amp#27;[32m&amp#27;[1m"R$ 600,00"&amp#27;[0m &amp#27;[90m# dominio.agendamento.AgendamentoTest.givenTransacaoParaEfetuarNoDia(java.lang.String,java.lang.String)&amp#27;[0m
  &amp#27;[32mWhen &amp#27;[0m&amp#27;[32mo usuário quer cancelar essa transação que iria ser paga no dia &amp#27;[0m&amp#27;[32m&amp#27;[1m"16/09/2025"&amp#27;[0m                 &amp#27;[90m# dominio.agendamento.AgendamentoTest.whenCancelarTransacaoDoDia(java.lang.String)&amp#27;[0m
  &amp#27;[32mThen &amp#27;[0m&amp#27;[32mo sistema irá excluir esse pagamento&amp#27;[0m                                                         &amp#27;[90m# dominio.agendamento.AgendamentoTest.thenPagamentoExcluido()&amp#27;[0m
]]></system-out>
  </testcase>
  <testcase name="Cancelamento de transação já executada (rejeição)" classname="Automação e Agendamento de transações" time="0.012">
    <system-out><![CDATA[
Scenario: Cancelamento de transação já executada (rejeição)                           &amp#27;[90m# automacao_e_agendamento_de_transacoes.feature:24&amp#27;[0m
  &amp#27;[32mGiven &amp#27;[0m&amp#27;[32mque existe uma transação que já foi executada no dia &amp#27;[0m&amp#27;[32m&amp#27;[1m"16/09/2025"&amp#27;[0m             &amp#27;[90m# dominio.agendamento.AgendamentoTest.givenTransacaoJaExecutada(java.lang.String)&amp#27;[0m
  &amp#27;[32mWhen &amp#27;[0m&amp#27;[32mo usuário tenta cancelar essa transação executada&amp#27;[0m                              &amp#27;[90m# dominio.agendamento.AgendamentoTest.whenCancelaTransacaoExecutada()&amp#27;[0m
  &amp#27;[32mThen &amp#27;[0m&amp#27;[32mo sistema deve informar que não é possível cancelar uma transação já executada&amp#27;[0m &amp#27;[90m# dominio.agendamento.AgendamentoTest.thenNaoCancelaExecutada()&amp#27;[0m
]]></system-out>
  </testcase>
  <testcase name="Atualização de transações bancárias" classname="Automação e Agendamento de transações" time="0.061">
    <system-out><![CDATA[
Scenario: Atualização de transações bancárias                                                                 &amp#27;[90m# automacao_e_agendamento_de_transacoes.feature:29&amp#27;[0m
  &amp#27;[32mGiven &amp#27;[0m&amp#27;[32mque existe uma transação para o usuário pagar no dia &amp#27;[0m&amp#27;[32m&amp#27;[1m"16/09/2025"&amp#27;[0m&amp#27;[32m no valor de &amp#27;[0m&amp#27;[32m&amp#27;[1m"R$ 600,00"&amp#27;[0m             &amp#27;[90m# dominio.agendamento.AgendamentoTest.givenTransacaoParaPagarNoDia(java.lang.String,java.lang.String)&amp#27;[0m
  &amp#27;[32mWhen &amp#27;[0m&amp#27;[32mo usuario tem essa transação que será paga no dia &amp#27;[0m&amp#27;[32m&amp#27;[1m"16/09/2025"&amp#27;[0m&amp#27;[32m no valor de &amp#27;[0m&amp#27;[32m&amp#27;[1m"R$ 600,00"&amp#27;[0m                 &amp#27;[90m# dominio.agendamento.AgendamentoTest.whenUsuarioTemTransacaoNoDiaValor(java.lang.String,java.lang.String)&amp#27;[0m
  &amp#27;[32mAnd &amp#27;[0m&amp#27;[32mnecessita atualizar o dia e/ou o valor da transaferência para &amp#27;[0m&amp#27;[32m&amp#27;[1m"17/09/2025"&amp#27;[0m&amp#27;[32m no novo valor de &amp#27;[0m&amp#27;[32m&amp#27;[1m"R$ 550,00"&amp#27;[0m &amp#27;[90m# dominio.agendamento.AgendamentoTest.whenAtualizaDiaOuValorPara(java.lang.String,java.lang.String)&amp#27;[0m
  &amp#27;[32mThen &amp#27;[0m&amp#27;[32mo sistema irá atualizar esse pagamento&amp#27;[0m                                                                 &amp#27;[90m# dominio.agendamento.AgendamentoTest.thenPagamentoAtualizado()&amp#27;[0m
]]></system-out>
  </testcase>
  <testcase name="Atualização de transação para data no passado (rejeição)" classname="Automação e Agendamento de transações" time="0.01">
    <system-out><![CDATA[
Scenario: Atualização de transação para data no passado (rejeição)                        &amp#27;[90m# automacao_e_agendamento_de_transacoes.feature:35&amp#27;[0m
  &amp#27;[32mGiven &amp#27;[0m&amp#27;[32mque existe uma transação agendada para o dia &amp#27;[0m&amp#27;[32m&amp#27;[1m"16/09/2025"&amp#27;[0m&amp#27;[32m no valor de &amp#27;[0m&amp#27;[32m&amp#27;[1m"R$ 600,00"&amp#27;[0m &amp#27;[90m# dominio.agendamento.AgendamentoTest.givenTransacaoAgendadaParaDia(java.lang.String,java.lang.String)&amp#27;[0m
  &amp#27;[32mAnd &amp#27;[0m&amp#27;[32ma data atual é &amp#27;[0m&amp#27;[32m&amp#27;[1m"20/09/2025"&amp#27;[0m                                                         &amp#27;[90m# dominio.agendamento.AgendamentoTest.givenDataAtualGenerica(java.lang.String)&amp#27;[0m
  &amp#27;[32mWhen &amp#27;[0m&amp#27;[32mo usuário tenta atualizar a data dessa transação para &amp#27;[0m&amp#27;[32m&amp#27;[1m"10/09/2025"&amp#27;[0m                 &amp#27;[90m# dominio.agendamento.AgendamentoTest.whenUsuarioTentaAtualizarData(java.lang.String)&amp#27;[0m
  &amp#27;[32mThen &amp#27;[0m&amp#27;[32mo sistema não deve permitir a atualização&amp#27;[0m                                          &amp#27;[90m# dominio.agendamento.AgendamentoTest.thenSistemaNaoPermiteAtualizacao()&amp#27;[0m
  &amp#27;[32mAnd &amp#27;[0m&amp#27;[32mdeve informar que a nova data é inválida por estar no passado&amp#27;[0m                       &amp#27;[90m# dominio.agendamento.AgendamentoTest.thenInformaDataInvalida()&amp#27;[0m
]]></system-out>
  </testcase>
  <testcase name="Criação de assinatura mensal" classname="Automação e Agendamento de transações" time="0.034">
    <system-out><![CDATA[
Scenario: Criação de assinatura mensal                                                          &amp#27;[90m# automacao_e_agendamento_de_transacoes.feature:44&amp#27;[0m
  &amp#27;[32mGiven &amp#27;[0m&amp#27;[32mque a data atual é &amp#27;[0m&amp#27;[32m&amp#27;[1m"17/10/2025"&amp#27;[0m                                                         &amp#27;[90m# dominio.agendamento.AgendamentoTest.givenDataAtual(java.lang.String)&amp#27;[0m
  &amp#27;[32mWhen &amp#27;[0m&amp#27;[32mo usuário cria uma assinatura mensal &amp#27;[0m&amp#27;[32m&amp#27;[1m"Netflix"&amp#27;[0m&amp#27;[32m para o dia &amp#27;[0m&amp#27;[32m&amp#27;[1m"17"&amp#27;[0m&amp#27;[32m iniciando em &amp#27;[0m&amp#27;[32m&amp#27;[1m"17/10/2025"&amp#27;[0m &amp#27;[90m# dominio.agendamento.AgendamentoTest.whenCriaAssinaturaMensal(java.lang.String,java.lang.String,java.lang.String)&amp#27;[0m
  &amp#27;[32mThen &amp#27;[0m&amp#27;[32mdeve ser criada uma data de transação no dia &amp#27;[0m&amp#27;[32m&amp#27;[1m"17/10/2025"&amp#27;[0m                                &amp#27;[90m# dominio.agendamento.AgendamentoTest.thenCriaTransacaoNaData(java.lang.String)&amp#27;[0m
  &amp#27;[32mAnd &amp#27;[0m&amp#27;[32ma próxima data de transação deve ser &amp#27;[0m&amp#27;[32m&amp#27;[1m"17/11/2025"&amp#27;[0m                                         &amp#27;[90m# dominio.agendamento.AgendamentoTest.thenProximaDataDeveSer(java.lang.String)&amp#27;[0m
]]></system-out>
  </testcase>
  <testcase name="Próxima data avança até novembro após duas cobranças" classname="Automação e Agendamento de transações" time="0.036">
    <system-out><![CDATA[
Scenario: Próxima data avança até novembro após duas cobranças                                           &amp#27;[90m# automacao_e_agendamento_de_transacoes.feature:50&amp#27;[0m
  &amp#27;[32mGiven &amp#27;[0m&amp#27;[32mexiste uma assinatura mensal &amp#27;[0m&amp#27;[32m&amp#27;[1m"Netflix"&amp#27;[0m&amp#27;[32m configurada para o dia &amp#27;[0m&amp#27;[32m&amp#27;[1m"17"&amp#27;[0m&amp#27;[32m com próxima data &amp#27;[0m&amp#27;[32m&amp#27;[1m"17/09/2025"&amp#27;[0m &amp#27;[90m# dominio.agendamento.AgendamentoTest.givenAssinaturaMensalConfigurada(java.lang.String,java.lang.String,java.lang.String)&amp#27;[0m
  &amp#27;[32mAnd &amp#27;[0m&amp#27;[32ma próxima data de transação é &amp#27;[0m&amp#27;[32m&amp#27;[1m"17/09/2025"&amp#27;[0m                                                         &amp#27;[90m# dominio.agendamento.AgendamentoTest.givenProximaData(java.lang.String)&amp#27;[0m
  &amp#27;[32mWhen &amp#27;[0m&amp#27;[32mo sistema executa a cobrança no dia &amp#27;[0m&amp#27;[32m&amp#27;[1m"17/09/2025"&amp#27;[0m                                                  &amp#27;[90m# dominio.agendamento.AgendamentoTest.whenExecutaCobranca(java.lang.String)&amp#27;[0m
  &amp#27;[32mAnd &amp#27;[0m&amp#27;[32mo sistema executa a cobrança no dia &amp#27;[0m&amp#27;[32m&amp#27;[1m"17/10/2025"&amp#27;[0m                                                   &amp#27;[90m# dominio.agendamento.AgendamentoTest.whenExecutaCobranca(java.lang.String)&amp#27;[0m
  &amp#27;[32mThen &amp#27;[0m&amp#27;[32ma próxima data de transação deve ser &amp#27;[0m&amp#27;[32m&amp#27;[1m"17/11/2025"&amp#27;[0m                                                 &amp#27;[90m# dominio.agendamento.AgendamentoTest.thenProximaDataDeveSer(java.lang.String)&amp#27;[0m
]]></system-out>
  </testcase>
  <testcase name="Assinatura em mês curtos" classname="Automação e Agendamento de transações" time="0.016">
    <system-out><![CDATA[
Scenario: Assinatura em mês curtos                                              &amp#27;[90m# automacao_e_agendamento_de_transacoes.feature:57&amp#27;[0m
  &amp#27;[32mGiven &amp#27;[0m&amp#27;[32mque existe uma data de vencimento de assinatura para o dia &amp#27;[0m&amp#27;[32m&amp#27;[1m"29/02/2025"&amp#27;[0m &amp#27;[90m# dominio.agendamento.AgendamentoTest.givenVencimentoAssinaturaNoDia(java.lang.String)&amp#27;[0m
  &amp#27;[32mWhen &amp#27;[0m&amp#27;[32mo usuário tem essa assinatura para pagar no dia &amp#27;[0m&amp#27;[32m&amp#27;[1m"29/02/2025"&amp#27;[0m             &amp#27;[90m# dominio.agendamento.AgendamentoTest.whenTemAssinaturaParaDia(java.lang.String)&amp#27;[0m
  &amp#27;[32mThen &amp#27;[0m&amp#27;[32mo sistema botará o pagamento agendado para o dia &amp#27;[0m&amp#27;[32m&amp#27;[1m"28/02/2025"&amp#27;[0m            &amp#27;[90m# dominio.agendamento.AgendamentoTest.thenAgendaPagamentoParaDia(java.lang.String)&amp#27;[0m
]]></system-out>
  </testcase>
  <testcase name="Atualiza próxima data em mês curto após execução" classname="Automação e Agendamento de transações" time="0.012">
    <system-out><![CDATA[
Scenario: Atualiza próxima data em mês curto após execução                                     &amp#27;[90m# automacao_e_agendamento_de_transacoes.feature:62&amp#27;[0m
  &amp#27;[32mGiven &amp#27;[0m&amp#27;[32mexiste uma assinatura mensal configurada para o dia &amp#27;[0m&amp#27;[32m&amp#27;[1m"31"&amp#27;[0m&amp#27;[32m com próxima data &amp#27;[0m&amp#27;[32m&amp#27;[1m"31/01/2025"&amp#27;[0m &amp#27;[90m# dominio.agendamento.AgendamentoTest.existeUmaAssinaturaMensalConfiguradaParaODiaComProximaData(java.lang.String,java.lang.String)&amp#27;[0m
  &amp#27;[32mWhen &amp#27;[0m&amp#27;[32mo sistema executa a cobrança no dia &amp#27;[0m&amp#27;[32m&amp#27;[1m"31/01/2025"&amp#27;[0m                                        &amp#27;[90m# dominio.agendamento.AgendamentoTest.whenExecutaCobranca(java.lang.String)&amp#27;[0m
  &amp#27;[32mThen &amp#27;[0m&amp#27;[32ma próxima data de transação deve ser &amp#27;[0m&amp#27;[32m&amp#27;[1m"28/02/2025"&amp#27;[0m&amp#27;[32m  # ou &amp#27;[0m&amp#27;[32m&amp#27;[1m29&amp#27;[0m&amp#27;[32m/&amp#27;[0m&amp#27;[32m&amp#27;[1m02&amp#27;[0m&amp#27;[32m em ano bissexto&amp#27;[0m           &amp#27;[90m# dominio.agendamento.AgendamentoTest.thenProximaDataDeveSerOu(java.lang.String,java.lang.Integer,java.lang.Integer)&amp#27;[0m
]]></system-out>
  </testcase>
  <testcase name="Cancelamento de assinatura" classname="Automação e Agendamento de transações" time="0.012">
    <system-out><![CDATA[
Scenario: Cancelamento de assinatura                                                       &amp#27;[90m# automacao_e_agendamento_de_transacoes.feature:67&amp#27;[0m
  &amp#27;[32mGiven &amp#27;[0m&amp#27;[32mque existe uma assinatura da &amp#27;[0m&amp#27;[32m&amp#27;[1m"Netflix"&amp#27;[0m&amp#27;[32m que vence todo mês no dia &amp#27;[0m&amp#27;[32m&amp#27;[1m"17"&amp#27;[0m&amp#27;[32m e esta ativa&amp#27;[0m &amp#27;[90m# dominio.agendamento.AgendamentoTest.givenAssinaturaAtivaVenceDia(java.lang.String,java.lang.String)&amp#27;[0m
  &amp#27;[32mWhen &amp#27;[0m&amp#27;[32mo usuário quer cancelar essa assinatura&amp#27;[0m                                             &amp#27;[90m# dominio.agendamento.AgendamentoTest.whenCancelaAssinatura()&amp#27;[0m
  &amp#27;[32mThen &amp#27;[0m&amp#27;[32mo status deve ser &amp#27;[0m&amp#27;[32m&amp#27;[1m"cancelada"&amp#27;[0m                                                       &amp#27;[90m# dominio.agendamento.AgendamentoTest.thenStatusDeveSer(java.lang.String)&amp#27;[0m
  &amp#27;[32mAnd &amp#27;[0m&amp#27;[32mnão deve existir próxima data de execução&amp#27;[0m                                            &amp#27;[90m# dominio.agendamento.AgendamentoTest.thenSemProximaData()&amp#27;[0m
]]></system-out>
  </testcase>
  <testcase name="Cancelamento de assinatura inexistente ou já cancelada" classname="Automação e Agendamento de transações" time="0.012">
    <system-out><![CDATA[
Scenario: Cancelamento de assinatura inexistente ou já cancelada                                  &amp#27;[90m# automacao_e_agendamento_de_transacoes.feature:73&amp#27;[0m
  &amp#27;[32mGiven &amp#27;[0m&amp#27;[32mque não existe uma assinatura ativa chamada &amp#27;[0m&amp#27;[32m&amp#27;[1m"Netflix"&amp#27;[0m&amp#27;[32m (inexistente ou status &amp#27;[0m&amp#27;[32m&amp#27;[1m"cancelada"&amp#27;[0m&amp#27;[32m)&amp#27;[0m &amp#27;[90m# dominio.agendamento.AgendamentoTest.queNaoExisteUmaAssinaturaAtivaChamadaInexistenteOuStatus(java.lang.String,java.lang.String)&amp#27;[0m
  &amp#27;[32mWhen &amp#27;[0m&amp#27;[32mo usuário tenta cancelar essa assinatura&amp#27;[0m                                                   &amp#27;[90m# dominio.agendamento.AgendamentoTest.whenCancelaAssinaturaInexistente()&amp#27;[0m
  &amp#27;[32mThen &amp#27;[0m&amp#27;[32mo sistema deve informar que não há assinatura ativa para cancelar&amp#27;[0m                          &amp#27;[90m# dominio.agendamento.AgendamentoTest.thenNaoHaAssinaturaAtiva()&amp#27;[0m
]]></system-out>
  </testcase>
  <testcase name="Evita duplicidade ao executar duas vezes" classname="Automação e Agendamento de transações" time="0.011">
    <system-out><![CDATA[
Scenario: Evita duplicidade ao executar duas vezes                           &amp#27;[90m# automacao_e_agendamento_de_transacoes.feature:78&amp#27;[0m
  &amp#27;[32mGiven &amp#27;[0m&amp#27;[32mque o próximo dia de pagamento é &amp#27;[0m&amp#27;[32m&amp#27;[1m"17/11/2025"&amp#27;[0m                        &amp#27;[90m# dominio.agendamento.AgendamentoTest.givenProximoDiaPagamento(java.lang.String)&amp#27;[0m
  &amp#27;[32mAnd &amp#27;[0m&amp#27;[32mjá existe a transação desse pagamento agendada para o dia &amp#27;[0m&amp#27;[32m&amp#27;[1m"17/11/2025"&amp#27;[0m &amp#27;[90m# dominio.agendamento.AgendamentoTest.givenTransacaoJaAgendadaParaDia(java.lang.String)&amp#27;[0m
  &amp#27;[32mWhen &amp#27;[0m&amp#27;[32mo agendamento tentar executar novamente em &amp#27;[0m&amp#27;[32m&amp#27;[1m17&amp#27;[0m&amp#27;[32m/&amp#27;[0m&amp#27;[32m&amp#27;[1m11&amp#27;[0m&amp#27;[32m/&amp#27;[0m&amp#27;[32m&amp#27;[1m2025&amp#27;[0m                 &amp#27;[90m# dominio.agendamento.AgendamentoTest.whenExecutarNovamenteEm(java.lang.Integer,java.lang.Integer,java.lang.Integer)&amp#27;[0m
  &amp#27;[32mThen &amp#27;[0m&amp#27;[32mnenhuma nova transação deve ser criada&amp#27;[0m                                &amp#27;[90m# dominio.agendamento.AgendamentoTest.thenNaoCriaNovaTransacao()&amp#27;[0m
]]></system-out>
  </testcase>
  <testcase name="Cria transação no novo ciclo (sem duplicidade)" classname="Automação e Agendamento de transações" time="0.032">
    <system-out><![CDATA[
Scenario: Cria transação no novo ciclo (sem duplicidade)                &amp#27;[90m# automacao_e_agendamento_de_transacoes.feature:84&amp#27;[0m
  &amp#27;[32mGiven &amp#27;[0m&amp#27;[32mque o próximo dia de pagamento é &amp#27;[0m&amp#27;[32m&amp#27;[1m"17/12/2025"&amp#27;[0m                   &amp#27;[90m# dominio.agendamento.AgendamentoTest.givenProximoDiaPagamento(java.lang.String)&amp#27;[0m
  &amp#27;[32mAnd &amp#27;[0m&amp#27;[32mnão existe transação agendada para o dia &amp#27;[0m&amp#27;[32m&amp#27;[1m"17/12/2025"&amp#27;[0m             &amp#27;[90m# dominio.agendamento.AgendamentoTest.givenNaoExisteTransacao(java.lang.String)&amp#27;[0m
  &amp#27;[32mWhen &amp#27;[0m&amp#27;[32mo agendamento executar em &amp#27;[0m&amp#27;[32m&amp#27;[1m"17/12/2025"&amp#27;[0m                           &amp#27;[90m# dominio.agendamento.AgendamentoTest.whenAgendamentoExecutar(java.lang.String)&amp#27;[0m
  &amp#27;[32mThen &amp#27;[0m&amp#27;[32mdeve ser criada exatamente uma transação para o dia &amp#27;[0m&amp#27;[32m&amp#27;[1m"17/12/2025"&amp#27;[0m &amp#27;[90m# dominio.agendamento.AgendamentoTest.thenCriaExatamenteUma(java.lang.String)&amp#27;[0m
]]></system-out>
  </testcase>
  <testcase name="Atualizar e-mail com senha atual correta (sucesso)" classname="Atualização de Perfil do Usuário" time="0.357">
    <system-out><![CDATA[
Scenario: Atualizar e-mail com senha atual correta (sucesso) &amp#27;[90m# configuracoes_usuario.feature:7&amp#27;[0m
  &amp#27;[32mGiven &amp#27;[0m&amp#27;[32mque estou logado no sistema&amp#27;[0m                          &amp#27;[90m# dominio.usuario.UsuarioTest.que_estou_logado_no_sistema()&amp#27;[0m
  &amp#27;[32mAnd &amp#27;[0m&amp#27;[32minformo minha senha atual corretamente&amp#27;[0m                 &amp#27;[90m# dominio.usuario.UsuarioTest.informo_minha_senha_atual_corretamente()&amp#27;[0m
  &amp#27;[32mWhen &amp#27;[0m&amp#27;[32maltero meu e-mail para &amp#27;[0m&amp#27;[32m&amp#27;[1m"novoemail@dominio.com"&amp#27;[0m        &amp#27;[90m# dominio.usuario.UsuarioTest.altero_meu_e_mail_para(java.lang.String)&amp#27;[0m
  &amp#27;[32mThen &amp#27;[0m&amp#27;[32mo sistema deve atualizar o e-mail com sucesso&amp#27;[0m         &amp#27;[90m# dominio.usuario.UsuarioTest.o_sistema_deve_atualizar_o_e_mail_com_sucesso()&amp#27;[0m
]]></system-out>
  </testcase>
  <testcase name="Falha ao atualizar e-mail com senha atual incorreta" classname="Atualização de Perfil do Usuário" time="0.222">
    <system-out><![CDATA[
Scenario: Falha ao atualizar e-mail com senha atual incorreta     &amp#27;[90m# configuracoes_usuario.feature:13&amp#27;[0m
  &amp#27;[32mGiven &amp#27;[0m&amp#27;[32mque estou logado no sistema&amp#27;[0m                               &amp#27;[90m# dominio.usuario.UsuarioTest.que_estou_logado_no_sistema()&amp#27;[0m
  &amp#27;[32mAnd &amp#27;[0m&amp#27;[32minformo uma senha atual incorreta&amp#27;[0m                           &amp#27;[90m# dominio.usuario.UsuarioTest.informo_uma_senha_atual_incorreta()&amp#27;[0m
  &amp#27;[32mWhen &amp#27;[0m&amp#27;[32mtento alterar meu e-mail para &amp#27;[0m&amp#27;[32m&amp#27;[1m"novoemail@dominio.com"&amp#27;[0m      &amp#27;[90m# dominio.usuario.UsuarioTest.tento_alterar_meu_e_mail_para(java.lang.String)&amp#27;[0m
  &amp#27;[32mThen &amp#27;[0m&amp#27;[32mo sistema deve exibir uma mensagem de erro de autenticação&amp#27;[0m &amp#27;[90m# dominio.usuario.UsuarioTest.o_sistema_deve_exibir_uma_mensagem_de_erro_de_autenticacao()&amp#27;[0m
]]></system-out>
  </testcase>
  <testcase name="Atualizar username para um nome único (sucesso)" classname="Atualização de Perfil do Usuário" time="0.222">
    <system-out><![CDATA[
Scenario: Atualizar username para um nome único (sucesso) &amp#27;[90m# configuracoes_usuario.feature:20&amp#27;[0m
  &amp#27;[32mGiven &amp#27;[0m&amp#27;[32mque estou logado no sistema&amp#27;[0m                       &amp#27;[90m# dominio.usuario.UsuarioTest.que_estou_logado_no_sistema()&amp#27;[0m
  &amp#27;[32mAnd &amp#27;[0m&amp#27;[32minformo minha senha atual corretamente&amp#27;[0m              &amp#27;[90m# dominio.usuario.UsuarioTest.informo_minha_senha_atual_corretamente()&amp#27;[0m
  &amp#27;[32mWhen &amp#27;[0m&amp#27;[32maltero meu username para &amp#27;[0m&amp#27;[32m&amp#27;[1m"usuario_unico123"&amp#27;[0m        &amp#27;[90m# dominio.usuario.UsuarioTest.altero_meu_username_para(java.lang.String)&amp#27;[0m
  &amp#27;[32mThen &amp#27;[0m&amp#27;[32mo sistema deve salvar o novo username&amp#27;[0m              &amp#27;[90m# dominio.usuario.UsuarioTest.o_sistema_deve_salvar_o_novo_username()&amp#27;[0m
]]></system-out>
  </testcase>
  <testcase name="Falha ao atualizar username já existente" classname="Atualização de Perfil do Usuário" time="0.222">
    <system-out><![CDATA[
Scenario: Falha ao atualizar username já existente                  &amp#27;[90m# configuracoes_usuario.feature:26&amp#27;[0m
  &amp#27;[32mGiven &amp#27;[0m&amp#27;[32mque estou logado no sistema&amp#27;[0m                                 &amp#27;[90m# dominio.usuario.UsuarioTest.que_estou_logado_no_sistema()&amp#27;[0m
  &amp#27;[32mAnd &amp#27;[0m&amp#27;[32minformo minha senha atual corretamente&amp#27;[0m                        &amp#27;[90m# dominio.usuario.UsuarioTest.informo_minha_senha_atual_corretamente()&amp#27;[0m
  &amp#27;[32mWhen &amp#27;[0m&amp#27;[32maltero meu username para &amp#27;[0m&amp#27;[32m&amp#27;[1m"usuario_existente"&amp#27;[0m                 &amp#27;[90m# dominio.usuario.UsuarioTest.altero_meu_username_para(java.lang.String)&amp#27;[0m
  &amp#27;[32mThen &amp#27;[0m&amp#27;[32mo sistema deve exibir uma mensagem de erro de nome já em uso&amp#27;[0m &amp#27;[90m# dominio.usuario.UsuarioTest.o_sistema_deve_exibir_uma_mensagem_de_erro_de_nome_ja_em_uso()&amp#27;[0m
]]></system-out>
  </testcase>
  <testcase name="Atualizar e-mail com formato válido (sucesso)" classname="Atualização de Perfil do Usuário" time="0.223">
    <system-out><![CDATA[
Scenario: Atualizar e-mail com formato válido (sucesso) &amp#27;[90m# configuracoes_usuario.feature:33&amp#27;[0m
  &amp#27;[32mGiven &amp#27;[0m&amp#27;[32mque estou logado no sistema&amp#27;[0m                     &amp#27;[90m# dominio.usuario.UsuarioTest.que_estou_logado_no_sistema()&amp#27;[0m
  &amp#27;[32mAnd &amp#27;[0m&amp#27;[32minformo minha senha atual corretamente&amp#27;[0m            &amp#27;[90m# dominio.usuario.UsuarioTest.informo_minha_senha_atual_corretamente()&amp#27;[0m
  &amp#27;[32mWhen &amp#27;[0m&amp#27;[32maltero meu e-mail para &amp#27;[0m&amp#27;[32m&amp#27;[1m"valido@dominio.com"&amp#27;[0m      &amp#27;[90m# dominio.usuario.UsuarioTest.altero_meu_e_mail_para(java.lang.String)&amp#27;[0m
  &amp#27;[32mThen &amp#27;[0m&amp#27;[32mo sistema deve salvar o novo e-mail&amp#27;[0m              &amp#27;[90m# dominio.usuario.UsuarioTest.o_sistema_deve_salvar_o_novo_e_mail()&amp#27;[0m
]]></system-out>
  </testcase>
  <testcase name="Falha ao atualizar e-mail com formato inválido" classname="Atualização de Perfil do Usuário" time="0.218">
    <system-out><![CDATA[
Scenario: Falha ao atualizar e-mail com formato inválido              &amp#27;[90m# configuracoes_usuario.feature:39&amp#27;[0m
  &amp#27;[32mGiven &amp#27;[0m&amp#27;[32mque estou logado no sistema&amp#27;[0m                                   &amp#27;[90m# dominio.usuario.UsuarioTest.que_estou_logado_no_sistema()&amp#27;[0m
  &amp#27;[32mAnd &amp#27;[0m&amp#27;[32minformo minha senha atual corretamente&amp#27;[0m                          &amp#27;[90m# dominio.usuario.UsuarioTest.informo_minha_senha_atual_corretamente()&amp#27;[0m
  &amp#27;[32mWhen &amp#27;[0m&amp#27;[32maltero meu e-mail para &amp#27;[0m&amp#27;[32m&amp#27;[1m"email-invalido"&amp#27;[0m                        &amp#27;[90m# dominio.usuario.UsuarioTest.altero_meu_e_mail_para(java.lang.String)&amp#27;[0m
  &amp#27;[32mThen &amp#27;[0m&amp#27;[32mo sistema deve exibir uma mensagem de erro de formato inválido&amp#27;[0m &amp#27;[90m# dominio.usuario.UsuarioTest.o_sistema_deve_exibir_uma_mensagem_de_erro_de_formato_invalido()&amp#27;[0m
]]></system-out>
  </testcase>
  <testcase name="Atualizar e-mail para um endereço único (sucesso)" classname="Atualização de Perfil do Usuário" time="0.215">
    <system-out><![CDATA[
Scenario: Atualizar e-mail para um endereço único (sucesso) &amp#27;[90m# configuracoes_usuario.feature:46&amp#27;[0m
  &amp#27;[32mGiven &amp#27;[0m&amp#27;[32mque estou logado no sistema&amp#27;[0m                         &amp#27;[90m# dominio.usuario.UsuarioTest.que_estou_logado_no_sistema()&amp#27;[0m
  &amp#27;[32mAnd &amp#27;[0m&amp#27;[32minformo minha senha atual corretamente&amp#27;[0m                &amp#27;[90m# dominio.usuario.UsuarioTest.informo_minha_senha_atual_corretamente()&amp#27;[0m
  &amp#27;[32mWhen &amp#27;[0m&amp#27;[32maltero meu e-mail para &amp#27;[0m&amp#27;[32m&amp#27;[1m"unico@dominio.com"&amp#27;[0m           &amp#27;[90m# dominio.usuario.UsuarioTest.altero_meu_e_mail_para(java.lang.String)&amp#27;[0m
  &amp#27;[32mThen &amp#27;[0m&amp#27;[32mo sistema deve salvar o novo e-mail&amp#27;[0m                  &amp#27;[90m# dominio.usuario.UsuarioTest.o_sistema_deve_salvar_o_novo_e_mail()&amp#27;[0m
]]></system-out>
  </testcase>
  <testcase name="Falha ao atualizar e-mail já existente" classname="Atualização de Perfil do Usuário" time="0.215">
    <system-out><![CDATA[
Scenario: Falha ao atualizar e-mail já existente                          &amp#27;[90m# configuracoes_usuario.feature:52&amp#27;[0m
  &amp#27;[32mGiven &amp#27;[0m&amp#27;[32mque estou logado no sistema&amp#27;[0m                                       &amp#27;[90m# dominio.usuario.UsuarioTest.que_estou_logado_no_sistema()&amp#27;[0m
  &amp#27;[32mAnd &amp#27;[0m&amp#27;[32minformo minha senha atual corretamente&amp#27;[0m                              &amp#27;[90m# dominio.usuario.UsuarioTest.informo_minha_senha_atual_corretamente()&amp#27;[0m
  &amp#27;[32mWhen &amp#27;[0m&amp#27;[32maltero meu e-mail para &amp#27;[0m&amp#27;[32m&amp#27;[1m"email_existente@dominio.com"&amp#27;[0m               &amp#27;[90m# dominio.usuario.UsuarioTest.altero_meu_e_mail_para(java.lang.String)&amp#27;[0m
  &amp#27;[32mThen &amp#27;[0m&amp#27;[32mo sistema deve exibir uma mensagem de erro de e-mail já cadastrado&amp#27;[0m &amp#27;[90m# dominio.usuario.UsuarioTest.o_sistema_deve_exibir_uma_mensagem_de_erro_de_e_mail_ja_cadastrado()&amp#27;[0m
]]></system-out>
  </testcase>
  <testcase name="Alterar senha com senha atual correta (sucesso)" classname="Atualização de Perfil do Usuário" time="0.519">
    <system-out><![CDATA[
Scenario: Alterar senha com senha atual correta (sucesso) &amp#27;[90m# configuracoes_usuario.feature:59&amp#27;[0m
  &amp#27;[32mGiven &amp#27;[0m&amp#27;[32mque estou logado no sistema&amp#27;[0m                       &amp#27;[90m# dominio.usuario.UsuarioTest.que_estou_logado_no_sistema()&amp#27;[0m
  &amp#27;[32mAnd &amp#27;[0m&amp#27;[32minformo a senha atual correta &amp#27;[0m&amp#27;[32m&amp#27;[1m"senha123"&amp#27;[0m            &amp#27;[90m# dominio.usuario.UsuarioTest.informo_a_senha_atual_correta(java.lang.String)&amp#27;[0m
  &amp#27;[32mWhen &amp#27;[0m&amp#27;[32minformo a nova senha &amp#27;[0m&amp#27;[32m&amp#27;[1m"novaSenha456"&amp#27;[0m                &amp#27;[90m# dominio.usuario.UsuarioTest.informo_a_nova_senha(java.lang.String)&amp#27;[0m
  &amp#27;[32mAnd &amp#27;[0m&amp#27;[32mconfirmo a nova senha &amp#27;[0m&amp#27;[32m&amp#27;[1m"novaSenha456"&amp#27;[0m                &amp#27;[90m# dominio.usuario.UsuarioTest.confirmo_a_nova_senha(java.lang.String)&amp#27;[0m
  &amp#27;[32mThen &amp#27;[0m&amp#27;[32mo sistema deve atualizar a senha com sucesso&amp#27;[0m       &amp#27;[90m# dominio.usuario.UsuarioTest.o_sistema_deve_atualizar_a_senha_com_sucesso()&amp#27;[0m
]]></system-out>
  </testcase>
  <testcase name="Falha ao alterar senha com senha atual incorreta" classname="Atualização de Perfil do Usuário" time="0.221">
    <system-out><![CDATA[
Scenario: Falha ao alterar senha com senha atual incorreta                &amp#27;[90m# configuracoes_usuario.feature:66&amp#27;[0m
  &amp#27;[32mGiven &amp#27;[0m&amp#27;[32mque estou logado no sistema&amp#27;[0m                                       &amp#27;[90m# dominio.usuario.UsuarioTest.que_estou_logado_no_sistema()&amp#27;[0m
  &amp#27;[32mAnd &amp#27;[0m&amp#27;[32minformo a senha atual incorreta &amp#27;[0m&amp#27;[32m&amp#27;[1m"errada"&amp#27;[0m                            &amp#27;[90m# dominio.usuario.UsuarioTest.informo_a_senha_atual_incorreta(java.lang.String)&amp#27;[0m
  &amp#27;[32mWhen &amp#27;[0m&amp#27;[32minformo a nova senha &amp#27;[0m&amp#27;[32m&amp#27;[1m"novaSenha456"&amp#27;[0m                                &amp#27;[90m# dominio.usuario.UsuarioTest.informo_a_nova_senha(java.lang.String)&amp#27;[0m
  &amp#27;[32mAnd &amp#27;[0m&amp#27;[32mconfirmo a nova senha &amp#27;[0m&amp#27;[32m&amp#27;[1m"novaSenha456"&amp#27;[0m                                &amp#27;[90m# dominio.usuario.UsuarioTest.confirmo_a_nova_senha(java.lang.String)&amp#27;[0m
  &amp#27;[32mThen &amp#27;[0m&amp#27;[32mo sistema deve exibir uma mensagem de erro de senha atual inválida&amp#27;[0m &amp#27;[90m# dominio.usuario.UsuarioTest.o_sistema_deve_exibir_uma_mensagem_de_erro_de_senha_atual_invalida()&amp#27;[0m
]]></system-out>
  </testcase>
  <testcase name="Alterar senha para uma nova senha diferente (sucesso)" classname="Atualização de Perfil do Usuário" time="0.531">
    <system-out><![CDATA[
Scenario: Alterar senha para uma nova senha diferente (sucesso) &amp#27;[90m# configuracoes_usuario.feature:74&amp#27;[0m
  &amp#27;[32mGiven &amp#27;[0m&amp#27;[32mque estou logado no sistema&amp#27;[0m                             &amp#27;[90m# dominio.usuario.UsuarioTest.que_estou_logado_no_sistema()&amp#27;[0m
  &amp#27;[32mAnd &amp#27;[0m&amp#27;[32minformo a senha atual correta &amp#27;[0m&amp#27;[32m&amp#27;[1m"senha123"&amp#27;[0m                  &amp#27;[90m# dominio.usuario.UsuarioTest.informo_a_senha_atual_correta(java.lang.String)&amp#27;[0m
  &amp#27;[32mWhen &amp#27;[0m&amp#27;[32minformo a nova senha &amp#27;[0m&amp#27;[32m&amp#27;[1m"senhaNova456"&amp#27;[0m                      &amp#27;[90m# dominio.usuario.UsuarioTest.informo_a_nova_senha(java.lang.String)&amp#27;[0m
  &amp#27;[32mAnd &amp#27;[0m&amp#27;[32mconfirmo a nova senha &amp#27;[0m&amp#27;[32m&amp#27;[1m"senhaNova456"&amp#27;[0m                      &amp#27;[90m# dominio.usuario.UsuarioTest.confirmo_a_nova_senha(java.lang.String)&amp#27;[0m
  &amp#27;[32mThen &amp#27;[0m&amp#27;[32mo sistema deve atualizar a senha com sucesso&amp#27;[0m             &amp#27;[90m# dominio.usuario.UsuarioTest.o_sistema_deve_atualizar_a_senha_com_sucesso()&amp#27;[0m
]]></system-out>
  </testcase>
  <testcase name="Falha ao tentar alterar senha para a mesma senha atual" classname="Atualização de Perfil do Usuário" time="0.284">
    <system-out><![CDATA[
Scenario: Falha ao tentar alterar senha para a mesma senha atual    &amp#27;[90m# configuracoes_usuario.feature:81&amp#27;[0m
  &amp#27;[32mGiven &amp#27;[0m&amp#27;[32mque estou logado no sistema&amp#27;[0m                                 &amp#27;[90m# dominio.usuario.UsuarioTest.que_estou_logado_no_sistema()&amp#27;[0m
  &amp#27;[32mAnd &amp#27;[0m&amp#27;[32minformo a senha atual correta &amp#27;[0m&amp#27;[32m&amp#27;[1m"senha123"&amp#27;[0m                      &amp#27;[90m# dominio.usuario.UsuarioTest.informo_a_senha_atual_correta(java.lang.String)&amp#27;[0m
  &amp#27;[32mWhen &amp#27;[0m&amp#27;[32minformo a nova senha &amp#27;[0m&amp#27;[32m&amp#27;[1m"senha123"&amp#27;[0m                              &amp#27;[90m# dominio.usuario.UsuarioTest.informo_a_nova_senha(java.lang.String)&amp#27;[0m
  &amp#27;[32mAnd &amp#27;[0m&amp#27;[32mconfirmo a nova senha &amp#27;[0m&amp#27;[32m&amp#27;[1m"senha123"&amp#27;[0m                              &amp#27;[90m# dominio.usuario.UsuarioTest.confirmo_a_nova_senha(java.lang.String)&amp#27;[0m
  &amp#27;[32mThen &amp#27;[0m&amp#27;[32mo sistema deve exibir uma mensagem de erro de senha repetida&amp#27;[0m &amp#27;[90m# dominio.usuario.UsuarioTest.o_sistema_deve_exibir_uma_mensagem_de_erro_de_senha_repetida()&amp#27;[0m
]]></system-out>
  </testcase>
  <testcase name="Cadastro de cartão com todos os campos obrigatórios preenchidos" classname="Cadastro e gestão de cartões de crédito" time="0.008">
    <system-out><![CDATA[
Scenario: Cadastro de cartão com todos os campos obrigatórios preenchidos &amp#27;[90m# gestao_cartoes.feature:7&amp#27;[0m
  &amp#27;[32mGiven &amp#27;[0m&amp#27;[32mque o usuário informa todos os campos obrigatórios&amp#27;[0m                &amp#27;[90m# dominio.cartao.CartaoTest.que_o_usuario_informa_todos_os_dados_do_cartao()&amp#27;[0m
  &amp#27;[32mWhen &amp#27;[0m&amp#27;[32msalvar o cartão&amp#27;[0m                                                    &amp#27;[90m# dominio.cartao.CartaoTest.salvar_o_cartao()&amp#27;[0m
  &amp#27;[32mThen &amp#27;[0m&amp#27;[32mo cartão deve ser cadastrado com sucesso&amp#27;[0m                           &amp#27;[90m# dominio.cartao.CartaoTest.o_cartao_deve_ser_cadastrado_com_sucesso()&amp#27;[0m
]]></system-out>
  </testcase>
  <testcase name="Cadastro de cartão sem informar todos os campos obrigatórios" classname="Cadastro e gestão de cartões de crédito" time="0.006">
    <system-out><![CDATA[
Scenario: Cadastro de cartão sem informar todos os campos obrigatórios &amp#27;[90m# gestao_cartoes.feature:12&amp#27;[0m
  &amp#27;[32mGiven &amp#27;[0m&amp#27;[32mque o usuário não informa todos os campos obrigatórios&amp#27;[0m         &amp#27;[90m# dominio.cartao.CartaoTest.que_o_usuario_nao_informa_todos_os_campos_obrigatorios()&amp#27;[0m
  &amp#27;[32mWhen &amp#27;[0m&amp#27;[32mtentar salvar o cartão&amp#27;[0m                                          &amp#27;[90m# dominio.cartao.CartaoTest.tentar_salvar_o_cartao()&amp#27;[0m
  &amp#27;[32mThen &amp#27;[0m&amp#27;[32mo sistema deve recusar o cadastro e exibir mensagem de erro&amp#27;[0m     &amp#27;[90m# dominio.cartao.CartaoTest.o_sistema_deve_recusar_o_cadastro_e_exibir_mensagem_de_erro()&amp#27;[0m
]]></system-out>
  </testcase>
  <testcase name="Cadastro de cartão com data de fechamento anterior à de vencimento" classname="Cadastro e gestão de cartões de crédito" time="0.004">
    <system-out><![CDATA[
Scenario: Cadastro de cartão com data de fechamento anterior à de vencimento      &amp#27;[90m# gestao_cartoes.feature:18&amp#27;[0m
  &amp#27;[32mGiven &amp#27;[0m&amp#27;[32mque o usuário informa data de fechamento no dia &amp#27;[0m&amp#27;[32m&amp#27;[1m05&amp#27;[0m&amp#27;[32m e vencimento no dia &amp#27;[0m&amp#27;[32m&amp#27;[1m10&amp#27;[0m &amp#27;[90m# dominio.cartao.CartaoTest.que_o_usuario_informa_data_de_fechamento_no_dia_e_vencimento_no_dia(java.lang.Integer,java.lang.Integer)&amp#27;[0m
  &amp#27;[32mWhen &amp#27;[0m&amp#27;[32msalvar o cartão&amp#27;[0m                                                            &amp#27;[90m# dominio.cartao.CartaoTest.salvar_o_cartao()&amp#27;[0m
  &amp#27;[32mThen &amp#27;[0m&amp#27;[32mo cartão deve ser cadastrado com sucesso&amp#27;[0m                                   &amp#27;[90m# dominio.cartao.CartaoTest.o_cartao_deve_ser_cadastrado_com_sucesso()&amp#27;[0m
]]></system-out>
  </testcase>
  <testcase name="Cadastro de cartão com data de fechamento posterior à de vencimento" classname="Cadastro e gestão de cartões de crédito" time="0.002">
    <system-out><![CDATA[
Scenario: Cadastro de cartão com data de fechamento posterior à de vencimento     &amp#27;[90m# gestao_cartoes.feature:23&amp#27;[0m
  &amp#27;[32mGiven &amp#27;[0m&amp#27;[32mque o usuário informa data de fechamento no dia &amp#27;[0m&amp#27;[32m&amp#27;[1m15&amp#27;[0m&amp#27;[32m e vencimento no dia &amp#27;[0m&amp#27;[32m&amp#27;[1m10&amp#27;[0m &amp#27;[90m# dominio.cartao.CartaoTest.que_o_usuario_informa_data_de_fechamento_no_dia_e_vencimento_no_dia(java.lang.Integer,java.lang.Integer)&amp#27;[0m
  &amp#27;[32mWhen &amp#27;[0m&amp#27;[32mtentar salvar o cartão&amp#27;[0m                                                     &amp#27;[90m# dominio.cartao.CartaoTest.tentar_salvar_o_cartao()&amp#27;[0m
  &amp#27;[32mThen &amp#27;[0m&amp#27;[32mo sistema deve recusar o cadastro e exibir mensagem de erro&amp#27;[0m                &amp#27;[90m# dominio.cartao.CartaoTest.o_sistema_deve_recusar_o_cadastro_e_exibir_mensagem_de_erro()&amp#27;[0m
]]></system-out>
  </testcase>
  <testcase name="Registrar despesa dentro do limite disponível" classname="Cadastro e gestão de cartões de crédito" time="0.011">
    <system-out><![CDATA[
Scenario: Registrar despesa dentro do limite disponível     &amp#27;[90m# gestao_cartoes.feature:29&amp#27;[0m
  &amp#27;[32mGiven &amp#27;[0m&amp#27;[32mque o cartão possui limite disponível de R$ &amp#27;[0m&amp#27;[32m&amp#27;[1m1000.00&amp#27;[0m &amp#27;[90m# dominio.cartao.CartaoTest.que_o_cartao_possui_limite_disponivel_de_r(java.lang.Double)&amp#27;[0m
  &amp#27;[32mWhen &amp#27;[0m&amp#27;[32mregistrar uma despesa de R$ &amp#27;[0m&amp#27;[32m&amp#27;[1m200.00&amp#27;[0m                   &amp#27;[90m# dominio.cartao.CartaoTest.registrar_uma_despesa_de_r(java.lang.Double)&amp#27;[0m
  &amp#27;[32mThen &amp#27;[0m&amp#27;[32ma despesa deve ser registrada com sucesso&amp#27;[0m            &amp#27;[90m# dominio.cartao.CartaoTest.a_despesa_deve_ser_registrada_com_sucesso()&amp#27;[0m
]]></system-out>
  </testcase>
  <testcase name="Registrar despesa acima do limite disponível" classname="Cadastro e gestão de cartões de crédito" time="0.006">
    <system-out><![CDATA[
Scenario: Registrar despesa acima do limite disponível             &amp#27;[90m# gestao_cartoes.feature:34&amp#27;[0m
  &amp#27;[32mGiven &amp#27;[0m&amp#27;[32mque o cartão possui limite disponível de R$ &amp#27;[0m&amp#27;[32m&amp#27;[1m500.00&amp#27;[0m         &amp#27;[90m# dominio.cartao.CartaoTest.que_o_cartao_possui_limite_disponivel_de_r(java.lang.Double)&amp#27;[0m
  &amp#27;[32mWhen &amp#27;[0m&amp#27;[32mregistrar uma despesa de R$ &amp#27;[0m&amp#27;[32m&amp#27;[1m800.00&amp#27;[0m&amp#27;[32m acima do limite&amp#27;[0m          &amp#27;[90m# dominio.cartao.CartaoTest.registrar_uma_despesa_de_r_acima_do_limite(java.lang.Double)&amp#27;[0m
  &amp#27;[32mThen &amp#27;[0m&amp#27;[32mo sistema deve recusar o registro e exibir mensagem de erro&amp#27;[0m &amp#27;[90m# dominio.cartao.CartaoTest.o_sistema_deve_recusar_o_registro_e_exibir_mensagem_de_erro()&amp#27;[0m
]]></system-out>
  </testcase>
  <testcase name="Fechamento de ciclo gera fatura automaticamente" classname="Cadastro e gestão de cartões de crédito" time="0.004">
    <system-out><![CDATA[
Scenario: Fechamento de ciclo gera fatura automaticamente              &amp#27;[90m# gestao_cartoes.feature:40&amp#27;[0m
  &amp#27;[32mGiven &amp#27;[0m&amp#27;[32mque o cartão possui ciclo de fechamento definido para o dia &amp#27;[0m&amp#27;[32m&amp#27;[1m05&amp#27;[0m &amp#27;[90m# dominio.cartao.CartaoTest.que_o_cartao_possui_ciclo_de_fechamento_definido_para_o_dia(java.lang.Integer)&amp#27;[0m
  &amp#27;[32mWhen &amp#27;[0m&amp#27;[32mchegar o dia &amp#27;[0m&amp#27;[32m&amp#27;[1m05&amp#27;[0m&amp#27;[32m do mês&amp#27;[0m                                          &amp#27;[90m# dominio.cartao.CartaoTest.chegar_o_dia_do_mes(java.lang.Integer)&amp#27;[0m
  &amp#27;[32mThen &amp#27;[0m&amp#27;[32mo sistema deve gerar automaticamente uma nova fatura&amp#27;[0m            &amp#27;[90m# dominio.cartao.CartaoTest.o_sistema_deve_gerar_automaticamente_uma_nova_fatura()&amp#27;[0m
]]></system-out>
  </testcase>
  <testcase name="Não gerar fatura antes da data de fechamento" classname="Cadastro e gestão de cartões de crédito" time="0.004">
    <system-out><![CDATA[
Scenario: Não gerar fatura antes da data de fechamento                 &amp#27;[90m# gestao_cartoes.feature:45&amp#27;[0m
  &amp#27;[32mGiven &amp#27;[0m&amp#27;[32mque o cartão possui ciclo de fechamento definido para o dia &amp#27;[0m&amp#27;[32m&amp#27;[1m05&amp#27;[0m &amp#27;[90m# dominio.cartao.CartaoTest.que_o_cartao_possui_ciclo_de_fechamento_definido_para_o_dia(java.lang.Integer)&amp#27;[0m
  &amp#27;[32mWhen &amp#27;[0m&amp#27;[32mestiver no dia &amp#27;[0m&amp#27;[32m&amp#27;[1m03&amp#27;[0m&amp#27;[32m do mês&amp#27;[0m                                        &amp#27;[90m# dominio.cartao.CartaoTest.estiver_no_dia_do_mes(java.lang.Integer)&amp#27;[0m
  &amp#27;[32mThen &amp#27;[0m&amp#27;[32mo sistema não deve gerar fatura&amp#27;[0m                                 &amp#27;[90m# dominio.cartao.CartaoTest.o_sistema_nao_deve_gerar_fatura()&amp#27;[0m
]]></system-out>
  </testcase>
  <testcase name="Registrar despesa vinculada a uma fatura aberta" classname="Cadastro e gestão de cartões de crédito" time="0.006">
    <system-out><![CDATA[
Scenario: Registrar despesa vinculada a uma fatura aberta &amp#27;[90m# gestao_cartoes.feature:51&amp#27;[0m
  &amp#27;[32mGiven &amp#27;[0m&amp#27;[32mque existe uma fatura aberta para o cartão&amp#27;[0m        &amp#27;[90m# dominio.cartao.CartaoTest.que_existe_uma_fatura_aberta_para_o_cartao()&amp#27;[0m
  &amp#27;[32mWhen &amp#27;[0m&amp#27;[32mregistrar uma despesa no cartão&amp#27;[0m                    &amp#27;[90m# dominio.cartao.CartaoTest.registrar_uma_despesa_no_cartao()&amp#27;[0m
  &amp#27;[32mThen &amp#27;[0m&amp#27;[32ma despesa deve ser vinculada a essa fatura&amp#27;[0m         &amp#27;[90m# dominio.cartao.CartaoTest.a_despesa_deve_ser_vinculada_a_essa_fatura()&amp#27;[0m
]]></system-out>
  </testcase>
  <testcase name="Registrar despesa sem fatura aberta" classname="Cadastro e gestão de cartões de crédito" time="0.002">
    <system-out><![CDATA[
Scenario: Registrar despesa sem fatura aberta                      &amp#27;[90m# gestao_cartoes.feature:56&amp#27;[0m
  &amp#27;[32mGiven &amp#27;[0m&amp#27;[32mque não existe fatura aberta para o cartão&amp#27;[0m                 &amp#27;[90m# dominio.cartao.CartaoTest.que_nao_existe_fatura_aberta_para_o_cartao()&amp#27;[0m
  &amp#27;[32mWhen &amp#27;[0m&amp#27;[32mregistrar uma despesa no cartão&amp#27;[0m                             &amp#27;[90m# dominio.cartao.CartaoTest.registrar_uma_despesa_no_cartao()&amp#27;[0m
  &amp#27;[32mThen &amp#27;[0m&amp#27;[32mo sistema deve recusar o registro e exibir mensagem de erro&amp#27;[0m &amp#27;[90m# dominio.cartao.CartaoTest.o_sistema_deve_recusar_o_registro_e_exibir_mensagem_de_erro()&amp#27;[0m
]]></system-out>
  </testcase>
  <testcase name="Atualizar informações de nome, limite e datas do cartão" classname="Cadastro e gestão de cartões de crédito" time="0.004">
    <system-out><![CDATA[
Scenario: Atualizar informações de nome, limite e datas do cartão &amp#27;[90m# gestao_cartoes.feature:62&amp#27;[0m
  &amp#27;[32mGiven &amp#27;[0m&amp#27;[32mque o cartão já está cadastrado&amp#27;[0m                           &amp#27;[90m# dominio.cartao.CartaoTest.que_o_cartao_ja_esta_cadastrado()&amp#27;[0m
  &amp#27;[32mWhen &amp#27;[0m&amp#27;[32mo usuário altera nome, limite ou datas&amp#27;[0m                     &amp#27;[90m# dominio.cartao.CartaoTest.o_usuario_altera_nome_limite_ou_datas()&amp#27;[0m
  &amp#27;[32mThen &amp#27;[0m&amp#27;[32mo sistema deve atualizar as informações com sucesso&amp#27;[0m        &amp#27;[90m# dominio.cartao.CartaoTest.o_sistema_deve_atualizar_as_informacoes_com_sucesso()&amp#27;[0m
]]></system-out>
  </testcase>
  <testcase name="Falha ao atualizar informações com dados inválidos" classname="Cadastro e gestão de cartões de crédito" time="0.004">
    <system-out><![CDATA[
Scenario: Falha ao atualizar informações com dados inválidos        &amp#27;[90m# gestao_cartoes.feature:67&amp#27;[0m
  &amp#27;[32mGiven &amp#27;[0m&amp#27;[32mque o cartão já está cadastrado&amp#27;[0m                             &amp#27;[90m# dominio.cartao.CartaoTest.que_o_cartao_ja_esta_cadastrado()&amp#27;[0m
  &amp#27;[32mWhen &amp#27;[0m&amp#27;[32mo usuário tenta alterar limite para um valor negativo&amp#27;[0m        &amp#27;[90m# dominio.cartao.CartaoTest.o_usuario_tenta_alterar_limite_para_um_valor_negativo()&amp#27;[0m
  &amp#27;[32mThen &amp#27;[0m&amp#27;[32mo sistema deve recusar a alteração e exibir mensagem de erro&amp#27;[0m &amp#27;[90m# dominio.cartao.CartaoTest.o_sistema_deve_recusar_a_alteracao_e_exibir_mensagem_de_erro()&amp#27;[0m
]]></system-out>
  </testcase>
  <testcase name="Cadastro de conta com todos os campos obrigatórios preenchidos" classname="Cadastro e gestão de contas" time="0.005">
    <system-out><![CDATA[
Scenario: Cadastro de conta com todos os campos obrigatórios preenchidos &amp#27;[90m# gestao_contas.feature:7&amp#27;[0m
  &amp#27;[32mGiven &amp#27;[0m&amp#27;[32mque o usuário informa nome, tipo e saldo inicial&amp#27;[0m                 &amp#27;[90m# dominio.conta.ContaTest.que_o_usuario_informa_nome_tipo_e_saldo_inicial()&amp#27;[0m
  &amp#27;[32mWhen &amp#27;[0m&amp#27;[32msalvar a conta&amp#27;[0m                                                    &amp#27;[90m# dominio.conta.ContaTest.salvar_a_conta()&amp#27;[0m
  &amp#27;[32mThen &amp#27;[0m&amp#27;[32ma conta deve ser cadastrada com sucesso&amp#27;[0m                           &amp#27;[90m# dominio.conta.ContaTest.a_conta_deve_ser_cadastrada_com_sucesso()&amp#27;[0m
]]></system-out>
  </testcase>
  <testcase name="Cadastro de conta sem informar todos os campos obrigatórios" classname="Cadastro e gestão de contas" time="0.004">
    <system-out><![CDATA[
Scenario: Cadastro de conta sem informar todos os campos obrigatórios &amp#27;[90m# gestao_contas.feature:12&amp#27;[0m
  &amp#27;[32mGiven &amp#27;[0m&amp#27;[32mque o usuário não informa todos os campos obrigatórios&amp#27;[0m        &amp#27;[90m# dominio.cartao.CartaoTest.que_o_usuario_nao_informa_todos_os_campos_obrigatorios()&amp#27;[0m
  &amp#27;[32mWhen &amp#27;[0m&amp#27;[32mtentar salvar a conta&amp#27;[0m                                          &amp#27;[90m# dominio.conta.ContaTest.tentar_salvar_a_conta()&amp#27;[0m
  &amp#27;[32mThen &amp#27;[0m&amp#27;[32mo sistema deve recusar o cadastro e exibir a mensagem de erro&amp#27;[0m  &amp#27;[90m# dominio.conta.ContaTest.o_sistema_deve_recusar_o_cadastro_e_exibir_a_mensagem_de_erro()&amp#27;[0m
]]></system-out>
  </testcase>
  <testcase name="Cadastro de conta com nome único no mesmo banco" classname="Cadastro e gestão de contas" time="0.006">
    <system-out><![CDATA[
Scenario: Cadastro de conta com nome único no mesmo banco      &amp#27;[90m# gestao_contas.feature:18&amp#27;[0m
  &amp#27;[32mGiven &amp#27;[0m&amp#27;[32mque já existe uma conta chamada &amp#27;[0m&amp#27;[32m&amp#27;[1m"Corrente Banco X"&amp#27;[0m     &amp#27;[90m# dominio.conta.ContaTest.que_ja_existe_uma_conta_chamada(java.lang.String)&amp#27;[0m
  &amp#27;[32mWhen &amp#27;[0m&amp#27;[32mo usuário cadastra uma conta chamada &amp#27;[0m&amp#27;[32m&amp#27;[1m"Poupança Banco X"&amp#27;[0m &amp#27;[90m# dominio.conta.ContaTest.o_usuario_cadastra_uma_conta_chamada(java.lang.String)&amp#27;[0m
  &amp#27;[32mThen &amp#27;[0m&amp#27;[32ma nova conta deve ser cadastrada com sucesso&amp#27;[0m            &amp#27;[90m# dominio.conta.ContaTest.a_nova_conta_deve_ser_cadastrada_com_sucesso()&amp#27;[0m
]]></system-out>
  </testcase>
  <testcase name="Cadastro de conta duplicada com mesmo nome e banco" classname="Cadastro e gestão de contas" time="0.0">
    <system-out><![CDATA[
Scenario: Cadastro de conta duplicada com mesmo nome e banco            &amp#27;[90m# gestao_contas.feature:23&amp#27;[0m
  &amp#27;[32mGiven &amp#27;[0m&amp#27;[32mque já existe uma conta chamada &amp#27;[0m&amp#27;[32m&amp#27;[1m"Corrente Banco X"&amp#27;[0m              &amp#27;[90m# dominio.conta.ContaTest.que_ja_existe_uma_conta_chamada(java.lang.String)&amp#27;[0m
  &amp#27;[32mWhen &amp#27;[0m&amp#27;[32mo usuário tenta cadastrar outra conta chamada &amp#27;[0m&amp#27;[32m&amp#27;[1m"Corrente Banco X"&amp#27;[0m &amp#27;[90m# dominio.conta.ContaTest.o_usuario_tenta_cadastrar_outra_conta_chamada(java.lang.String)&amp#27;[0m
  &amp#27;[32mThen &amp#27;[0m&amp#27;[32mo sistema deve recusar o cadastro e exibir a mensagem de erro&amp#27;[0m    &amp#27;[90m# dominio.conta.ContaTest.o_sistema_deve_recusar_o_cadastro_e_exibir_a_mensagem_de_erro()&amp#27;[0m
]]></system-out>
  </testcase>
  <testcase name="Cadastro de conta com saldo inicial maior ou igual a zero" classname="Cadastro e gestão de contas" time="0.006">
    <system-out><![CDATA[
Scenario: Cadastro de conta com saldo inicial maior ou igual a zero &amp#27;[90m# gestao_contas.feature:29&amp#27;[0m
  &amp#27;[32mGiven &amp#27;[0m&amp#27;[32mque o usuário informa saldo inicial de R$ &amp#27;[0m&amp#27;[32m&amp#27;[1m100,00&amp#27;[0m            &amp#27;[90m# dominio.conta.ContaTest.que_o_usuario_informa_saldo_inicial_de_r(java.lang.Double)&amp#27;[0m
  &amp#27;[32mWhen &amp#27;[0m&amp#27;[32msalvar a conta&amp#27;[0m                                               &amp#27;[90m# dominio.conta.ContaTest.salvar_a_conta()&amp#27;[0m
  &amp#27;[32mThen &amp#27;[0m&amp#27;[32ma conta deve ser cadastrada com sucesso&amp#27;[0m                      &amp#27;[90m# dominio.conta.ContaTest.a_conta_deve_ser_cadastrada_com_sucesso()&amp#27;[0m
]]></system-out>
  </testcase>
  <testcase name="Cadastro de conta com saldo inicial negativo" classname="Cadastro e gestão de contas" time="0.006">
    <system-out><![CDATA[
Scenario: Cadastro de conta com saldo inicial negativo               &amp#27;[90m# gestao_contas.feature:34&amp#27;[0m
  &amp#27;[32mGiven &amp#27;[0m&amp#27;[32mque o usuário informa saldo inicial de -R$ &amp#27;[0m&amp#27;[32m&amp#27;[1m50,00&amp#27;[0m             &amp#27;[90m# dominio.conta.ContaTest.que_o_usuario_informa_saldo_inicial_de_negativo_r(java.lang.Double)&amp#27;[0m
  &amp#27;[32mWhen &amp#27;[0m&amp#27;[32mtentar salvar a conta&amp#27;[0m                                         &amp#27;[90m# dominio.conta.ContaTest.tentar_salvar_a_conta()&amp#27;[0m
  &amp#27;[32mThen &amp#27;[0m&amp#27;[32mo sistema deve recusar o cadastro e exibir a mensagem de erro&amp#27;[0m &amp#27;[90m# dominio.conta.ContaTest.o_sistema_deve_recusar_o_cadastro_e_exibir_a_mensagem_de_erro()&amp#27;[0m
]]></system-out>
  </testcase>
  <testcase name="Realizar depósito com valor positivo" classname="Cadastro e gestão de contas" time="0.004">
    <system-out><![CDATA[
Scenario: Realizar depósito com valor positivo                &amp#27;[90m# gestao_contas.feature:40&amp#27;[0m
  &amp#27;[32mGiven &amp#27;[0m&amp#27;[32mque o usuário possui uma conta com saldo de R$ &amp#27;[0m&amp#27;[32m&amp#27;[1m500,00&amp#27;[0m &amp#27;[90m# dominio.conta.ContaTest.que_o_usuario_possui_uma_conta_com_saldo_de_r(java.lang.Double)&amp#27;[0m
  &amp#27;[32mWhen &amp#27;[0m&amp#27;[32mrealiza um depósito de R$ &amp#27;[0m&amp#27;[32m&amp#27;[1m200,00&amp#27;[0m                       &amp#27;[90m# dominio.conta.ContaTest.realiza_um_deposito_de_r(java.lang.Double)&amp#27;[0m
  &amp#27;[32mThen &amp#27;[0m&amp#27;[32mo saldo da conta deve ser atualizado para R$ &amp#27;[0m&amp#27;[32m&amp#27;[1m700,00&amp#27;[0m    &amp#27;[90m# dominio.conta.ContaTest.o_saldo_da_conta_deve_ser_atualizado_para_r(java.lang.Double)&amp#27;[0m
]]></system-out>
  </testcase>
  <testcase name="Realizar depósito com valor menor ou igual a zero" classname="Cadastro e gestão de contas" time="0.002">
    <system-out><![CDATA[
Scenario: Realizar depósito com valor menor ou igual a zero           &amp#27;[90m# gestao_contas.feature:45&amp#27;[0m
  &amp#27;[32mGiven &amp#27;[0m&amp#27;[32mque o usuário possui uma conta com saldo de R$ &amp#27;[0m&amp#27;[32m&amp#27;[1m500,00&amp#27;[0m         &amp#27;[90m# dominio.conta.ContaTest.que_o_usuario_possui_uma_conta_com_saldo_de_r(java.lang.Double)&amp#27;[0m
  &amp#27;[32mWhen &amp#27;[0m&amp#27;[32mtenta realizar um depósito de R$ &amp#27;[0m&amp#27;[32m&amp#27;[1m0,00&amp#27;[0m                          &amp#27;[90m# dominio.conta.ContaTest.tenta_realizar_um_deposito_de_r(java.lang.Double)&amp#27;[0m
  &amp#27;[32mThen &amp#27;[0m&amp#27;[32mo sistema deve recusar a alteração e exibir a mensagem de erro&amp#27;[0m &amp#27;[90m# dominio.conta.ContaTest.o_sistema_deve_recusar_a_alteracao_e_exibir_a_mensagem_de_erro()&amp#27;[0m
]]></system-out>
  </testcase>
  <testcase name="Realizar retirada dentro do saldo disponível" classname="Cadastro e gestão de contas" time="0.002">
    <system-out><![CDATA[
Scenario: Realizar retirada dentro do saldo disponível        &amp#27;[90m# gestao_contas.feature:51&amp#27;[0m
  &amp#27;[32mGiven &amp#27;[0m&amp#27;[32mque o usuário possui uma conta com saldo de R$ &amp#27;[0m&amp#27;[32m&amp#27;[1m300,00&amp#27;[0m &amp#27;[90m# dominio.conta.ContaTest.que_o_usuario_possui_uma_conta_com_saldo_de_r(java.lang.Double)&amp#27;[0m
  &amp#27;[32mWhen &amp#27;[0m&amp#27;[32mrealiza uma retirada de R$ &amp#27;[0m&amp#27;[32m&amp#27;[1m100,00&amp#27;[0m                      &amp#27;[90m# dominio.conta.ContaTest.realiza_uma_retirada_de_r(java.lang.Double)&amp#27;[0m
  &amp#27;[32mThen &amp#27;[0m&amp#27;[32mo saldo da conta deve ser atualizado para R$ &amp#27;[0m&amp#27;[32m&amp#27;[1m200,00&amp#27;[0m    &amp#27;[90m# dominio.conta.ContaTest.o_saldo_da_conta_deve_ser_atualizado_para_r(java.lang.Double)&amp#27;[0m
]]></system-out>
  </testcase>
  <testcase name="Realizar retirada acima do saldo disponível" classname="Cadastro e gestão de contas" time="0.002">
    <system-out><![CDATA[
Scenario: Realizar retirada acima do saldo disponível                 &amp#27;[90m# gestao_contas.feature:56&amp#27;[0m
  &amp#27;[32mGiven &amp#27;[0m&amp#27;[32mque o usuário possui uma conta com saldo de R$ &amp#27;[0m&amp#27;[32m&amp#27;[1m300,00&amp#27;[0m         &amp#27;[90m# dominio.conta.ContaTest.que_o_usuario_possui_uma_conta_com_saldo_de_r(java.lang.Double)&amp#27;[0m
  &amp#27;[32mWhen &amp#27;[0m&amp#27;[32mtenta realizar uma retirada de R$ &amp#27;[0m&amp#27;[32m&amp#27;[1m500,00&amp#27;[0m                       &amp#27;[90m# dominio.conta.ContaTest.tenta_realizar_uma_retirada_de_r(java.lang.Double)&amp#27;[0m
  &amp#27;[32mThen &amp#27;[0m&amp#27;[32mo sistema deve recusar a alteração e exibir a mensagem de erro&amp#27;[0m &amp#27;[90m# dominio.conta.ContaTest.o_sistema_deve_recusar_a_alteracao_e_exibir_a_mensagem_de_erro()&amp#27;[0m
]]></system-out>
  </testcase>
  <testcase name="Adicionar uma nova categoria que não existe" classname="Gestão de Categorias" time="0.01">
    <system-out><![CDATA[
Scenario: Adicionar uma nova categoria que não existe           &amp#27;[90m# gestao_de_categorias.feature:8&amp#27;[0m
  &amp#27;[32mGiven &amp#27;[0m&amp#27;[32mque não existe uma categoria chamada &amp#27;[0m&amp#27;[32m&amp#27;[1m"Saúde"&amp#27;[0m&amp#27;[32m no sistema&amp#27;[0m &amp#27;[90m# dominio.categoria.CategoriaTest.queNaoExisteUmaCategoriaChamada(java.lang.String)&amp#27;[0m
  &amp#27;[32mWhen &amp#27;[0m&amp#27;[32mo usuário insere o nome &amp#27;[0m&amp#27;[32m&amp#27;[1m"Saúde"&amp#27;[0m&amp#27;[32m e salva&amp#27;[0m                  &amp#27;[90m# dominio.categoria.CategoriaTest.oUsuarioInsereONomeESalva(java.lang.String)&amp#27;[0m
  &amp#27;[32mThen &amp#27;[0m&amp#27;[32ma categoria &amp#27;[0m&amp#27;[32m&amp#27;[1m"Saúde"&amp#27;[0m&amp#27;[32m deve aparecer na lista de categorias&amp#27;[0m &amp#27;[90m# dominio.categoria.CategoriaTest.aCategoriaDeveAparecerNaLista(java.lang.String)&amp#27;[0m
]]></system-out>
  </testcase>
  <testcase name="Tentar excluir uma categoria que não existe" classname="Gestão de Categorias" time="0.004">
    <system-out><![CDATA[
Scenario: Tentar excluir uma categoria que não existe                        &amp#27;[90m# gestao_de_categorias.feature:13&amp#27;[0m
  &amp#27;[32mGiven &amp#27;[0m&amp#27;[32mque não existe uma categoria chamada &amp#27;[0m&amp#27;[32m&amp#27;[1m"Investimentos"&amp#27;[0m&amp#27;[32m no sistema&amp#27;[0m      &amp#27;[90m# dominio.categoria.CategoriaTest.queNaoExisteUmaCategoriaChamada(java.lang.String)&amp#27;[0m
  &amp#27;[32mWhen &amp#27;[0m&amp#27;[32mo usuário escolhe deletar a categoria &amp#27;[0m&amp#27;[32m&amp#27;[1m"Investimentos"&amp#27;[0m                 &amp#27;[90m# dominio.categoria.CategoriaTest.oUsuarioEscolheDeletarACategoria(java.lang.String)&amp#27;[0m
  &amp#27;[32mThen &amp#27;[0m&amp#27;[32mo sistema deve exibir uma mensagem de erro &amp#27;[0m&amp#27;[32m&amp#27;[1m"Categoria não encontrada"&amp#27;[0m &amp#27;[90m# dominio.categoria.CategoriaTest.oSistemaDeveExibirUmaMensagemDeErro(java.lang.String)&amp#27;[0m
]]></system-out>
  </testcase>
  <testcase name="Tentar adicionar uma categoria que já existe" classname="Gestão de Categorias" time="0.01">
    <system-out><![CDATA[
Scenario: Tentar adicionar uma categoria que já existe                  &amp#27;[90m# gestao_de_categorias.feature:18&amp#27;[0m
  &amp#27;[32mGiven &amp#27;[0m&amp#27;[32mque a categoria &amp#27;[0m&amp#27;[32m&amp#27;[1m"Moradia"&amp#27;[0m&amp#27;[32m já existe na lista&amp#27;[0m                    &amp#27;[90m# dominio.categoria.CategoriaTest.queACategoriaJaExisteNaLista(java.lang.String)&amp#27;[0m
  &amp#27;[32mWhen &amp#27;[0m&amp#27;[32mo usuário tenta criar uma nova categoria com o nome &amp#27;[0m&amp#27;[32m&amp#27;[1m"Moradia"&amp#27;[0m    &amp#27;[90m# dominio.categoria.CategoriaTest.oUsuarioTentaCriarUmaNovaCategoriaComONome(java.lang.String)&amp#27;[0m
  &amp#27;[32mThen &amp#27;[0m&amp#27;[32mo sistema deve exibir uma mensagem de erro &amp#27;[0m&amp#27;[32m&amp#27;[1m"Categoria já existe"&amp#27;[0m &amp#27;[90m# dominio.categoria.CategoriaTest.oSistemaDeveExibirUmaMensagemDeErro(java.lang.String)&amp#27;[0m
  &amp#27;[32mAnd &amp#27;[0m&amp#27;[32ma lista de categorias não deve ser alterada&amp#27;[0m                       &amp#27;[90m# dominio.categoria.CategoriaTest.aListaDeCategoriasNaoDeveSerAlterada()&amp#27;[0m
]]></system-out>
  </testcase>
  <testcase name="Deletar uma categoria que não está em uso" classname="Gestão de Categorias" time="0.014">
    <system-out><![CDATA[
Scenario: Deletar uma categoria que não está em uso                &amp#27;[90m# gestao_de_categorias.feature:24&amp#27;[0m
  &amp#27;[32mGiven &amp#27;[0m&amp#27;[32mque a categoria &amp#27;[0m&amp#27;[32m&amp#27;[1m"Moradia"&amp#27;[0m&amp#27;[32m já existe na lista&amp#27;[0m               &amp#27;[90m# dominio.categoria.CategoriaTest.queACategoriaJaExisteNaLista(java.lang.String)&amp#27;[0m
  &amp#27;[32mAnd &amp#27;[0m&amp#27;[32mnão existe nenhuma transação associada à categoria &amp#27;[0m&amp#27;[32m&amp#27;[1m"Moradia"&amp#27;[0m &amp#27;[90m# dominio.categoria.CategoriaTest.naoExisteNenhumaTransacaoAssociadaACategoria(java.lang.String)&amp#27;[0m
  &amp#27;[32mWhen &amp#27;[0m&amp#27;[32mo usuário escolhe deletar a categoria &amp#27;[0m&amp#27;[32m&amp#27;[1m"Moradia"&amp#27;[0m             &amp#27;[90m# dominio.categoria.CategoriaTest.oUsuarioEscolheDeletarACategoria(java.lang.String)&amp#27;[0m
  &amp#27;[32mThen &amp#27;[0m&amp#27;[32ma categoria &amp#27;[0m&amp#27;[32m&amp#27;[1m"Moradia"&amp#27;[0m&amp#27;[32m deve ser removida da lista&amp#27;[0m            &amp#27;[90m# dominio.categoria.CategoriaTest.aCategoriaDeveSerRemovidaDaLista(java.lang.String)&amp#27;[0m
]]></system-out>
  </testcase>
  <testcase name="Tentar deletar uma categoria que está em uso" classname="Gestão de Categorias" time="0.006">
    <system-out><![CDATA[
Scenario: Tentar deletar uma categoria que está em uso                                               &amp#27;[90m# gestao_de_categorias.feature:30&amp#27;[0m
  &amp#27;[32mGiven &amp#27;[0m&amp#27;[32mque a categoria &amp#27;[0m&amp#27;[32m&amp#27;[1m"Moradia"&amp#27;[0m&amp#27;[32m já existe na lista&amp#27;[0m                                                 &amp#27;[90m# dominio.categoria.CategoriaTest.queACategoriaJaExisteNaLista(java.lang.String)&amp#27;[0m
  &amp#27;[32mAnd &amp#27;[0m&amp#27;[32mexiste pelo menos uma transação associada à categoria &amp#27;[0m&amp#27;[32m&amp#27;[1m"Moradia"&amp#27;[0m                                &amp#27;[90m# dominio.categoria.CategoriaTest.existePeloMenosUmaTransacaoAssociadaACategoria(java.lang.String)&amp#27;[0m
  &amp#27;[32mWhen &amp#27;[0m&amp#27;[32mo usuário escolhe deletar a categoria &amp#27;[0m&amp#27;[32m&amp#27;[1m"Moradia"&amp#27;[0m                                               &amp#27;[90m# dominio.categoria.CategoriaTest.oUsuarioEscolheDeletarACategoria(java.lang.String)&amp#27;[0m
  &amp#27;[32mThen &amp#27;[0m&amp#27;[32mo sistema deve exibir uma mensagem de erro &amp#27;[0m&amp#27;[32m&amp#27;[1m"Categoria não pode ser excluída pois está em uso"&amp#27;[0m &amp#27;[90m# dominio.categoria.CategoriaTest.oSistemaDeveExibirUmaMensagemDeErro(java.lang.String)&amp#27;[0m
  &amp#27;[32mAnd &amp#27;[0m&amp#27;[32ma lista de categorias não deve ser alterada&amp#27;[0m                                                    &amp#27;[90m# dominio.categoria.CategoriaTest.aListaDeCategoriasNaoDeveSerAlterada()&amp#27;[0m
]]></system-out>
  </testcase>
  <testcase name="Adicionar um limite de gastos com sucesso" classname="Gestão de Orçamentos" time="0.013">
    <system-out><![CDATA[
Scenario: Adicionar um limite de gastos com sucesso                                                 &amp#27;[90m# gestao_de_orcamentos.feature:8&amp#27;[0m
  &amp#27;[32mGiven &amp#27;[0m&amp#27;[32mque existe a categoria &amp#27;[0m&amp#27;[32m&amp#27;[1m"Alimentação"&amp#27;[0m&amp#27;[32m para um usuário autenticado como &amp#27;[0m&amp#27;[32m&amp#27;[1m"Gabriel"&amp#27;[0m             &amp#27;[90m# dominio.orcamento.OrcamentoTest.existeCategoriaUsuario(java.lang.String,java.lang.String)&amp#27;[0m
  &amp#27;[32mWhen &amp#27;[0m&amp#27;[32mo usuário define um orçamento de &amp#27;[0m&amp#27;[32m&amp#27;[1m"R$ 100,00"&amp#27;[0m&amp#27;[32m para a categoria &amp#27;[0m&amp#27;[32m&amp#27;[1m"Alimentação"&amp#27;[0m&amp#27;[32m no mês &amp#27;[0m&amp#27;[32m&amp#27;[1m"09/2025"&amp#27;[0m &amp#27;[90m# dominio.orcamento.OrcamentoTest.defineOrcamento(java.lang.String,java.lang.String,java.lang.String)&amp#27;[0m
  &amp#27;[32mThen &amp#27;[0m&amp#27;[32mo usuário deve ver o orçamento salvo para &amp#27;[0m&amp#27;[32m&amp#27;[1m"Alimentação"&amp#27;[0m&amp#27;[32m em &amp#27;[0m&amp#27;[32m&amp#27;[1m"09/2025"&amp#27;[0m&amp#27;[32m com valor &amp#27;[0m&amp#27;[32m&amp#27;[1m"R$ 100,00"&amp#27;[0m   &amp#27;[90m# dominio.orcamento.OrcamentoTest.deveVerOrcamentoSalvoParaCategoriaMesValor(java.lang.String,java.lang.String,java.lang.String)&amp#27;[0m
]]></system-out>
  </testcase>
  <testcase name="Impedir a criação de limite duplicado" classname="Gestão de Orçamentos" time="0.013">
    <system-out><![CDATA[
Scenario: Impedir a criação de limite duplicado                                            &amp#27;[90m# gestao_de_orcamentos.feature:13&amp#27;[0m
  &amp#27;[32mGiven &amp#27;[0m&amp#27;[32mque existe a categoria &amp#27;[0m&amp#27;[32m&amp#27;[1m"Alimentação"&amp#27;[0m&amp#27;[32m para um usuário autenticado como &amp#27;[0m&amp#27;[32m&amp#27;[1m"Gabriel"&amp#27;[0m    &amp#27;[90m# dominio.orcamento.OrcamentoTest.existeCategoriaUsuario(java.lang.String,java.lang.String)&amp#27;[0m
  &amp#27;[32mAnd &amp#27;[0m&amp#27;[32mexiste um orçamento de &amp#27;[0m&amp#27;[32m&amp#27;[1m"R$ 100,00"&amp#27;[0m&amp#27;[32m para &amp#27;[0m&amp#27;[32m&amp#27;[1m"Alimentação"&amp#27;[0m&amp#27;[32m em &amp#27;[0m&amp#27;[32m&amp#27;[1m"09/2025"&amp#27;[0m                   &amp#27;[90m# dominio.orcamento.OrcamentoTest.existeUmOrcamento(java.lang.String,java.lang.String,java.lang.String)&amp#27;[0m
  &amp#27;[32mWhen &amp#27;[0m&amp#27;[32mo usuário tenta definir um orçamento de &amp#27;[0m&amp#27;[32m&amp#27;[1m"R$ 120,00"&amp#27;[0m&amp#27;[32m para &amp#27;[0m&amp#27;[32m&amp#27;[1m"Alimentação"&amp#27;[0m&amp#27;[32m em &amp#27;[0m&amp#27;[32m&amp#27;[1m"09/2025"&amp#27;[0m &amp#27;[90m# dominio.orcamento.OrcamentoTest.usuarioTentaDefinirDuplicado(java.lang.String,java.lang.String,java.lang.String)&amp#27;[0m
  &amp#27;[32mThen &amp#27;[0m&amp#27;[32mo sistema deve retornar &amp#27;[0m&amp#27;[32m&amp#27;[1m"Já existe um orçamento para esta categoria neste mês"&amp#27;[0m      &amp#27;[90m# dominio.orcamento.OrcamentoTest.sistemaDeveRetornar(java.lang.String)&amp#27;[0m
  &amp#27;[32mAnd &amp#27;[0m&amp#27;[32mo orçamento não deve ser salvo&amp#27;[0m                                                       &amp#27;[90m# dominio.orcamento.OrcamentoTest.orcamentoNaoDeveSerSalvo()&amp#27;[0m
]]></system-out>
  </testcase>
  <testcase name="Permitir criação de orçamento no mês seguinte para a mesma categoria" classname="Gestão de Orçamentos" time="0.004">
    <system-out><![CDATA[
Scenario: Permitir criação de orçamento no mês seguinte para a mesma categoria                      &amp#27;[90m# gestao_de_orcamentos.feature:20&amp#27;[0m
  &amp#27;[32mGiven &amp#27;[0m&amp#27;[32mque existe a categoria &amp#27;[0m&amp#27;[32m&amp#27;[1m"Alimentação"&amp#27;[0m&amp#27;[32m para um usuário autenticado como &amp#27;[0m&amp#27;[32m&amp#27;[1m"Gabriel"&amp#27;[0m             &amp#27;[90m# dominio.orcamento.OrcamentoTest.existeCategoriaUsuario(java.lang.String,java.lang.String)&amp#27;[0m
  &amp#27;[32mAnd &amp#27;[0m&amp#27;[32mexiste um orçamento de &amp#27;[0m&amp#27;[32m&amp#27;[1m"R$ 100,00"&amp#27;[0m&amp#27;[32m para &amp#27;[0m&amp#27;[32m&amp#27;[1m"Alimentação"&amp#27;[0m&amp#27;[32m em &amp#27;[0m&amp#27;[32m&amp#27;[1m"09/2025"&amp#27;[0m                            &amp#27;[90m# dominio.orcamento.OrcamentoTest.existeUmOrcamento(java.lang.String,java.lang.String,java.lang.String)&amp#27;[0m
  &amp#27;[32mWhen &amp#27;[0m&amp#27;[32mo usuário define um orçamento de &amp#27;[0m&amp#27;[32m&amp#27;[1m"R$ 150,00"&amp#27;[0m&amp#27;[32m para a categoria &amp#27;[0m&amp#27;[32m&amp#27;[1m"Alimentação"&amp#27;[0m&amp#27;[32m no mês &amp#27;[0m&amp#27;[32m&amp#27;[1m"10/2025"&amp#27;[0m &amp#27;[90m# dominio.orcamento.OrcamentoTest.defineOrcamento(java.lang.String,java.lang.String,java.lang.String)&amp#27;[0m
  &amp#27;[32mThen &amp#27;[0m&amp#27;[32mo usuário deve ver o orçamento salvo para &amp#27;[0m&amp#27;[32m&amp#27;[1m"Alimentação"&amp#27;[0m&amp#27;[32m em &amp#27;[0m&amp#27;[32m&amp#27;[1m"10/2025"&amp#27;[0m&amp#27;[32m com valor &amp#27;[0m&amp#27;[32m&amp#27;[1m"R$ 150,00"&amp#27;[0m   &amp#27;[90m# dominio.orcamento.OrcamentoTest.deveVerOrcamentoSalvoParaCategoriaMesValor(java.lang.String,java.lang.String,java.lang.String)&amp#27;[0m
]]></system-out>
  </testcase>
  <testcase name="Atualizar um limite de gastos" classname="Gestão de Orçamentos" time="0.008">
    <system-out><![CDATA[
Scenario: Atualizar um limite de gastos                                                        &amp#27;[90m# gestao_de_orcamentos.feature:26&amp#27;[0m
  &amp#27;[32mGiven &amp#27;[0m&amp#27;[32mque existe um orçamento na categoria &amp#27;[0m&amp#27;[32m&amp#27;[1m"Alimentação"&amp#27;[0m&amp#27;[32m para o mês &amp#27;[0m&amp#27;[32m&amp#27;[1m"09/2025"&amp#27;[0m&amp#27;[32m de &amp#27;[0m&amp#27;[32m&amp#27;[1m"R$ 100,00"&amp#27;[0m &amp#27;[90m# dominio.orcamento.OrcamentoTest.existeUmOrcamentoNaCategoriaParaOMes(java.lang.String,java.lang.String,java.lang.String)&amp#27;[0m
  &amp#27;[32mWhen &amp#27;[0m&amp#27;[32mo usuário atualiza esse orçamento para &amp#27;[0m&amp#27;[32m&amp#27;[1m"R$ 600,00"&amp#27;[0m                                      &amp#27;[90m# dominio.orcamento.OrcamentoTest.usuarioAtualizaEsseOrcamentoPara(java.lang.String)&amp#27;[0m
  &amp#27;[32mThen &amp#27;[0m&amp#27;[32mo sistema deve retornar &amp#27;[0m&amp#27;[32m&amp#27;[1m"Atualizado com sucesso"&amp#27;[0m                                        &amp#27;[90m# dominio.orcamento.OrcamentoTest.sistemaDeveRetornar(java.lang.String)&amp#27;[0m
  &amp#27;[32mAnd &amp#27;[0m&amp#27;[32mo usuário deve ver o orçamento salvo com valor &amp#27;[0m&amp#27;[32m&amp#27;[1m"R$ 600,00"&amp#27;[0m                               &amp#27;[90m# dominio.orcamento.OrcamentoTest.usuarioDeveVerOrcamentoSalvoComValor(java.lang.String)&amp#27;[0m
]]></system-out>
  </testcase>
  <testcase name="Notificar ao atingir 80% do limite" classname="Gestão de Orçamentos" time="0.004">
    <system-out><![CDATA[
Scenario: Notificar ao atingir 80% do limite                                                        &amp#27;[90m# gestao_de_orcamentos.feature:33&amp#27;[0m
  &amp#27;[32mGiven &amp#27;[0m&amp#27;[32mque existe uma categoria &amp#27;[0m&amp#27;[32m&amp#27;[1m"Alimentação"&amp#27;[0m&amp#27;[32m com gasto limite de &amp#27;[0m&amp#27;[32m&amp#27;[1m"R$ 100,00"&amp#27;[0m&amp#27;[32m para o mês &amp#27;[0m&amp#27;[32m&amp#27;[1m"09/2025"&amp#27;[0m &amp#27;[90m# dominio.orcamento.OrcamentoTest.existeCategoriaComLimiteParaOMes(java.lang.String,java.lang.String,java.lang.String)&amp#27;[0m
  &amp#27;[32mAnd &amp#27;[0m&amp#27;[32mo gasto acumulado do usuário para &amp#27;[0m&amp#27;[32m&amp#27;[1m"Alimentação"&amp#27;[0m&amp#27;[32m em &amp#27;[0m&amp#27;[32m&amp#27;[1m"09/2025"&amp#27;[0m&amp#27;[32m é de &amp#27;[0m&amp#27;[32m&amp#27;[1m"R$ 79,00"&amp#27;[0m                  &amp#27;[90m# dominio.orcamento.OrcamentoTest.gastoAcumuladoDoUsuarioEh(java.lang.String,java.lang.String,java.lang.String)&amp#27;[0m
  &amp#27;[32mWhen &amp#27;[0m&amp#27;[32mo usuário registra uma despesa de &amp#27;[0m&amp#27;[32m&amp#27;[1m"R$ 1,00"&amp#27;[0m&amp#27;[32m na categoria &amp#27;[0m&amp#27;[32m&amp#27;[1m"Alimentação"&amp#27;[0m&amp#27;[32m em &amp#27;[0m&amp#27;[32m&amp#27;[1m"09/2025"&amp#27;[0m          &amp#27;[90m# dominio.orcamento.OrcamentoTest.usuarioRegistraUmaDespesa(java.lang.String,java.lang.String,java.lang.String)&amp#27;[0m
  &amp#27;[32mThen &amp#27;[0m&amp#27;[32mo sistema deve enviar ao usuário uma notificação &amp#27;[0m&amp#27;[32m&amp#27;[1m"Você atingiu 80% do limite definido"&amp#27;[0m       &amp#27;[90m# dominio.orcamento.OrcamentoTest.sistemaDeveEnviarNotificacao(java.lang.String)&amp#27;[0m
]]></system-out>
  </testcase>
  <testcase name="Não notificar abaixo de 80%" classname="Gestão de Orçamentos" time="0.004">
    <system-out><![CDATA[
Scenario: Não notificar abaixo de 80%                                                               &amp#27;[90m# gestao_de_orcamentos.feature:39&amp#27;[0m
  &amp#27;[32mGiven &amp#27;[0m&amp#27;[32mque existe uma categoria &amp#27;[0m&amp#27;[32m&amp#27;[1m"Alimentação"&amp#27;[0m&amp#27;[32m com gasto limite de &amp#27;[0m&amp#27;[32m&amp#27;[1m"R$ 100,00"&amp#27;[0m&amp#27;[32m para o mês &amp#27;[0m&amp#27;[32m&amp#27;[1m"09/2025"&amp#27;[0m &amp#27;[90m# dominio.orcamento.OrcamentoTest.existeCategoriaComLimiteParaOMes(java.lang.String,java.lang.String,java.lang.String)&amp#27;[0m
  &amp#27;[32mAnd &amp#27;[0m&amp#27;[32mo gasto acumulado do usuário para &amp#27;[0m&amp#27;[32m&amp#27;[1m"Alimentação"&amp#27;[0m&amp#27;[32m em &amp#27;[0m&amp#27;[32m&amp#27;[1m"09/2025"&amp#27;[0m&amp#27;[32m é de &amp#27;[0m&amp#27;[32m&amp#27;[1m"R$ 79,99"&amp#27;[0m                  &amp#27;[90m# dominio.orcamento.OrcamentoTest.gastoAcumuladoDoUsuarioEh(java.lang.String,java.lang.String,java.lang.String)&amp#27;[0m
  &amp#27;[32mWhen &amp#27;[0m&amp#27;[32mo usuário registra uma despesa de &amp#27;[0m&amp#27;[32m&amp#27;[1m"R$ 0,00"&amp#27;[0m&amp#27;[32m na categoria &amp#27;[0m&amp#27;[32m&amp#27;[1m"Alimentação"&amp#27;[0m&amp#27;[32m em &amp#27;[0m&amp#27;[32m&amp#27;[1m"09/2025"&amp#27;[0m          &amp#27;[90m# dominio.orcamento.OrcamentoTest.usuarioRegistraUmaDespesa(java.lang.String,java.lang.String,java.lang.String)&amp#27;[0m
  &amp#27;[32mThen &amp#27;[0m&amp#27;[32mo sistema não deve notificar o usuário&amp#27;[0m                                                       &amp#27;[90m# dominio.orcamento.OrcamentoTest.sistemaNaoDeveNotificar()&amp#27;[0m
]]></system-out>
  </testcase>
  <testcase name="Notificar ao atingir 100% do limite" classname="Gestão de Orçamentos" time="0.006">
    <system-out><![CDATA[
Scenario: Notificar ao atingir 100% do limite                                                       &amp#27;[90m# gestao_de_orcamentos.feature:45&amp#27;[0m
  &amp#27;[32mGiven &amp#27;[0m&amp#27;[32mque existe uma categoria &amp#27;[0m&amp#27;[32m&amp#27;[1m"Alimentação"&amp#27;[0m&amp#27;[32m com gasto limite de &amp#27;[0m&amp#27;[32m&amp#27;[1m"R$ 100,00"&amp#27;[0m&amp#27;[32m para o mês &amp#27;[0m&amp#27;[32m&amp#27;[1m"09/2025"&amp#27;[0m &amp#27;[90m# dominio.orcamento.OrcamentoTest.existeCategoriaComLimiteParaOMes(java.lang.String,java.lang.String,java.lang.String)&amp#27;[0m
  &amp#27;[32mAnd &amp#27;[0m&amp#27;[32mo gasto acumulado do usuário para &amp#27;[0m&amp#27;[32m&amp#27;[1m"Alimentação"&amp#27;[0m&amp#27;[32m em &amp#27;[0m&amp#27;[32m&amp#27;[1m"09/2025"&amp#27;[0m&amp#27;[32m é de &amp#27;[0m&amp#27;[32m&amp#27;[1m"R$ 99,00"&amp#27;[0m                  &amp#27;[90m# dominio.orcamento.OrcamentoTest.gastoAcumuladoDoUsuarioEh(java.lang.String,java.lang.String,java.lang.String)&amp#27;[0m
  &amp#27;[32mWhen &amp#27;[0m&amp#27;[32mo usuário registra uma despesa de &amp#27;[0m&amp#27;[32m&amp#27;[1m"R$ 1,00"&amp#27;[0m&amp#27;[32m na categoria &amp#27;[0m&amp#27;[32m&amp#27;[1m"Alimentação"&amp#27;[0m&amp#27;[32m em &amp#27;[0m&amp#27;[32m&amp#27;[1m"09/2025"&amp#27;[0m          &amp#27;[90m# dominio.orcamento.OrcamentoTest.usuarioRegistraUmaDespesa(java.lang.String,java.lang.String,java.lang.String)&amp#27;[0m
  &amp#27;[32mThen &amp#27;[0m&amp#27;[32mo sistema deve enviar ao usuário uma notificação &amp#27;[0m&amp#27;[32m&amp#27;[1m"Você atingiu 100% do limite definido"&amp#27;[0m      &amp#27;[90m# dominio.orcamento.OrcamentoTest.sistemaDeveEnviarNotificacao(java.lang.String)&amp#27;[0m
]]></system-out>
  </testcase>
  <testcase name="Notificar ao exceder 100% do limite" classname="Gestão de Orçamentos" time="0.006">
    <system-out><![CDATA[
Scenario: Notificar ao exceder 100% do limite                                                       &amp#27;[90m# gestao_de_orcamentos.feature:51&amp#27;[0m
  &amp#27;[32mGiven &amp#27;[0m&amp#27;[32mque existe uma categoria &amp#27;[0m&amp#27;[32m&amp#27;[1m"Alimentação"&amp#27;[0m&amp#27;[32m com gasto limite de &amp#27;[0m&amp#27;[32m&amp#27;[1m"R$ 100,00"&amp#27;[0m&amp#27;[32m para o mês &amp#27;[0m&amp#27;[32m&amp#27;[1m"09/2025"&amp#27;[0m &amp#27;[90m# dominio.orcamento.OrcamentoTest.existeCategoriaComLimiteParaOMes(java.lang.String,java.lang.String,java.lang.String)&amp#27;[0m
  &amp#27;[32mAnd &amp#27;[0m&amp#27;[32mo gasto acumulado do usuário para &amp#27;[0m&amp#27;[32m&amp#27;[1m"Alimentação"&amp#27;[0m&amp#27;[32m em &amp#27;[0m&amp#27;[32m&amp#27;[1m"09/2025"&amp#27;[0m&amp#27;[32m é de &amp#27;[0m&amp#27;[32m&amp#27;[1m"R$ 100,00"&amp#27;[0m                 &amp#27;[90m# dominio.orcamento.OrcamentoTest.gastoAcumuladoDoUsuarioEh(java.lang.String,java.lang.String,java.lang.String)&amp#27;[0m
  &amp#27;[32mWhen &amp#27;[0m&amp#27;[32mo usuário registra uma despesa de &amp#27;[0m&amp#27;[32m&amp#27;[1m"R$ 1,00"&amp#27;[0m&amp#27;[32m na categoria &amp#27;[0m&amp#27;[32m&amp#27;[1m"Alimentação"&amp#27;[0m&amp#27;[32m em &amp#27;[0m&amp#27;[32m&amp#27;[1m"09/2025"&amp#27;[0m          &amp#27;[90m# dominio.orcamento.OrcamentoTest.usuarioRegistraUmaDespesa(java.lang.String,java.lang.String,java.lang.String)&amp#27;[0m
  &amp#27;[32mThen &amp#27;[0m&amp#27;[32mo sistema deve enviar ao usuário uma notificação &amp#27;[0m&amp#27;[32m&amp#27;[1m"Você excedeu o limite desta categoria"&amp#27;[0m     &amp#27;[90m# dominio.orcamento.OrcamentoTest.sistemaDeveEnviarNotificacao(java.lang.String)&amp#27;[0m
]]></system-out>
  </testcase>
  <testcase name="Aceitar quando o valor do orçamento é positivo" classname="Gestão de Orçamentos" time="0.002">
    <system-out><![CDATA[
Scenario: Aceitar quando o valor do orçamento é positivo                                           &amp#27;[90m# gestao_de_orcamentos.feature:58&amp#27;[0m
  &amp#27;[32mGiven &amp#27;[0m&amp#27;[32mque existe a categoria &amp#27;[0m&amp#27;[32m&amp#27;[1m"Alimentação"&amp#27;[0m&amp#27;[32m para um usuário autenticado como &amp#27;[0m&amp#27;[32m&amp#27;[1m"Gabriel"&amp#27;[0m            &amp#27;[90m# dominio.orcamento.OrcamentoTest.existeCategoriaUsuario(java.lang.String,java.lang.String)&amp#27;[0m
[...]
]]></system-out>
  </testcase>
  <testcase name="Falha deleção do histórico de valorização em resgate total" classname="Rastreamento de Investimentos" time="0.004">
    <system-out><![CDATA[
Scenario: Falha deleção do histórico de valorização em resgate total                           &amp#27;[90m# rastreamento_de_investimentos.feature:75&amp#27;[0m
  &amp#27;[32mGiven &amp#27;[0m&amp#27;[32mque existe um investimento do tipo Tesouro Selic com valor atual de &amp#27;[0m&amp#27;[32m&amp#27;[1m1000&amp#27;[0m               &amp#27;[90m# dominio.rastreamentoDeInvestimentos.RastreamentoDeInvestimentosTest.criarInvestimento(double)&amp#27;[0m
  &amp#27;[32mWhen &amp#27;[0m&amp#27;[32mrealizo o resgate total do valor investido, mas ocorre uma falha na deleção o histórico&amp#27;[0m &amp#27;[90m# dominio.rastreamentoDeInvestimentos.RastreamentoDeInvestimentosTest.falhaDelecaoHistorico()&amp#27;[0m
  &amp#27;[32mThen &amp#27;[0m&amp#27;[32mo sistema deve levantar uma exceção referente à falha na deleção&amp#27;[0m                        &amp#27;[90m# dominio.rastreamentoDeInvestimentos.RastreamentoDeInvestimentosTest.levantarExcecao()&amp#27;[0m
  &amp#27;[32mAnd &amp#27;[0m&amp#27;[32mo sistema deve emitir um log de falha&amp#27;[0m                                                    &amp#27;[90m# dominio.rastreamentoDeInvestimentos.RastreamentoDeInvestimentosTest.emicaoLogFalha()&amp#27;[0m
]]></system-out>
  </testcase>
  <testcase name="Histórico de valorização atualizado com sucesso em resgate parcial" classname="Rastreamento de Investimentos" time="0.004">
    <system-out><![CDATA[
Scenario: Histórico de valorização atualizado com sucesso em resgate parcial                                 &amp#27;[90m# rastreamento_de_investimentos.feature:83&amp#27;[0m
  &amp#27;[32mGiven &amp#27;[0m&amp#27;[32mque existe um investimento do tipo Tesouro Selic com valor atual de &amp#27;[0m&amp#27;[32m&amp#27;[1m1000&amp#27;[0m                             &amp#27;[90m# dominio.rastreamentoDeInvestimentos.RastreamentoDeInvestimentosTest.criarInvestimento(double)&amp#27;[0m
  &amp#27;[32mWhen &amp#27;[0m&amp#27;[32mrealizo o resgate parcial de &amp#27;[0m&amp#27;[32m&amp#27;[1m500&amp#27;[0m&amp#27;[32m reais do valor investido&amp#27;[0m                                             &amp#27;[90m# dominio.rastreamentoDeInvestimentos.RastreamentoDeInvestimentosTest.resgateParcialQuinhetos(double)&amp#27;[0m
  &amp#27;[32mThen &amp#27;[0m&amp#27;[32mo sistema deve atualizar o histórico com uma nova entrada com o valor restante investido de &amp#27;[0m&amp#27;[32m&amp#27;[1m500&amp#27;[0m&amp#27;[32m reais&amp#27;[0m &amp#27;[90m# dominio.rastreamentoDeInvestimentos.RastreamentoDeInvestimentosTest.atualizacaoHistorico(double)&amp#27;[0m
]]></system-out>
  </testcase>
  <testcase name="Falha em etapas anteriores à atualização do histórico em resgate parcial" classname="Rastreamento de Investimentos" time="0.002">
    <system-out><![CDATA[
Scenario: Falha em etapas anteriores à atualização do histórico em resgate parcial &amp#27;[90m# rastreamento_de_investimentos.feature:88&amp#27;[0m
  &amp#27;[32mGiven &amp#27;[0m&amp#27;[32mque existe um investimento do tipo Tesouro Selic com valor atual de &amp#27;[0m&amp#27;[32m&amp#27;[1m1000&amp#27;[0m   &amp#27;[90m# dominio.rastreamentoDeInvestimentos.RastreamentoDeInvestimentosTest.criarInvestimento(double)&amp#27;[0m
  &amp#27;[32mWhen &amp#27;[0m&amp#27;[32mrealizo o resgate parcial, mas uma falha ocorre&amp#27;[0m                             &amp#27;[90m# dominio.rastreamentoDeInvestimentos.RastreamentoDeInvestimentosTest.falhaEmResgateParcial()&amp#27;[0m
  &amp#27;[32mThen &amp#27;[0m&amp#27;[32mo sistema não deve atualizar o histórico com uma nova entrada&amp#27;[0m               &amp#27;[90m# dominio.rastreamentoDeInvestimentos.RastreamentoDeInvestimentosTest.naoAtualizacaoHistorico()&amp#27;[0m
]]></system-out>
  </testcase>
  <testcase name="[SUCESSO] Registrar reembolso vinculando corretamente a uma despesa" classname="Tratamento de Reembolsos" time="0.012">
    <system-out><![CDATA[
Scenario: [SUCESSO] Registrar reembolso vinculando corretamente a uma despesa                          &amp#27;[90m# tratamento_reembolsos.feature:11&amp#27;[0m
  &amp#27;[32mGiven &amp#27;[0m&amp#27;[32mque registrei uma despesa original com ID &amp#27;[0m&amp#27;[32m&amp#27;[1m"despesa-123"&amp#27;[0m&amp#27;[32m de R$ &amp#27;[0m&amp#27;[32m&amp#27;[1m80.00&amp#27;[0m&amp#27;[32m na categoria &amp#27;[0m&amp#27;[32m&amp#27;[1m"Alimentação"&amp#27;[0m &amp#27;[90m# dominio.reembolso.ReembolsoTest.que_registrei_uma_despesa_original_com_id_de_na_categoria(java.lang.String,java.lang.Double,java.lang.String)&amp#27;[0m
  &amp#27;[32mWhen &amp#27;[0m&amp#27;[32meu registrar um reembolso de R$ &amp#27;[0m&amp#27;[32m&amp#27;[1m20.00&amp#27;[0m&amp#27;[32m e o vincular à despesa com ID &amp#27;[0m&amp#27;[32m&amp#27;[1m"despesa-123"&amp#27;[0m               &amp#27;[90m# dominio.reembolso.ReembolsoTest.eu_registrar_um_reembolso_e_o_vincular_a_despesa_com_id(java.lang.Double,java.lang.String)&amp#27;[0m
  &amp#27;[32mThen &amp#27;[0m&amp#27;[32mo sistema deve criar uma nova transação do tipo &amp#27;[0m&amp#27;[32m&amp#27;[1m"REEMBOLSO"&amp#27;[0m                                     &amp#27;[90m# dominio.reembolso.ReembolsoTest.o_sistema_deve_criar_uma_nova_transacao_do_tipo(java.lang.String)&amp#27;[0m
  &amp#27;[32mAnd &amp#27;[0m&amp#27;[32mo reembolso criado deve estar vinculado à despesa com ID &amp#27;[0m&amp#27;[32m&amp#27;[1m"despesa-123"&amp#27;[0m                           &amp#27;[90m# dominio.reembolso.ReembolsoTest.o_reembolso_criado_deve_estar_vinculado_a_despesa_com_id(java.lang.String)&amp#27;[0m
]]></system-out>
  </testcase>
  <testcase name="[FALHA] Tentar registrar reembolso sem vincular a uma despesa" classname="Tratamento de Reembolsos" time="0.002">
    <system-out><![CDATA[
Scenario: [FALHA] Tentar registrar reembolso sem vincular a uma despesa                                   &amp#27;[90m# tratamento_reembolsos.feature:17&amp#27;[0m
  &amp#27;[32mGiven &amp#27;[0m&amp#27;[32mque estou na tela de registro de reembolso&amp#27;[0m                                                        &amp#27;[90m# dominio.reembolso.ReembolsoTest.que_estou_na_tela_de_registro_de_reembolso()&amp#27;[0m
  &amp#27;[32mWhen &amp#27;[0m&amp#27;[32meu tento registrar um reembolso de R$ &amp#27;[0m&amp#27;[32m&amp#27;[1m20.00&amp#27;[0m&amp#27;[32m sem selecionar uma despesa original&amp#27;[0m                    &amp#27;[90m# dominio.reembolso.ReembolsoTest.eu_tento_registrar_um_reembolso_de_r_sem_selecionar_uma_despesa_original(java.lang.Double)&amp#27;[0m
  &amp#27;[32mThen &amp#27;[0m&amp#27;[32mo sistema de reembolso deve exibir a mensagem de erro &amp#27;[0m&amp#27;[32m&amp#27;[1m"O ID da despesa original não pode ser nulo"&amp#27;[0m &amp#27;[90m# dominio.reembolso.ReembolsoTest.o_sistema_de_reembolso_deve_exibir_a_mensagem_de_erro(java.lang.String)&amp#27;[0m
]]></system-out>
  </testcase>
  <testcase name="[SUCESSO] Reembolso abate corretamente o gasto da categoria (e não conta como receita)" classname="Tratamento de Reembolsos" time="0.014">
    <system-out><![CDATA[
Scenario: [SUCESSO] Reembolso abate corretamente o gasto da categoria (e não conta como receita)                      &amp#27;[90m# tratamento_reembolsos.feature:26&amp#27;[0m
  &amp#27;[32mGiven &amp#27;[0m&amp#27;[32mque uma despesa original com ID &amp#27;[0m&amp#27;[32m&amp#27;[1m"despesa-abc"&amp#27;[0m&amp#27;[32m tem o valor de R$ &amp#27;[0m&amp#27;[32m&amp#27;[1m80.00&amp#27;[0m&amp#27;[32m na categoria &amp#27;[0m&amp#27;[32m&amp#27;[1m"Alimentação"&amp#27;[0m&amp#27;[32m em &amp#27;[0m&amp#27;[32m&amp#27;[1m"10/2025"&amp#27;[0m &amp#27;[90m# dominio.reembolso.ReembolsoTest.que_uma_despesa_original_com_id_tem_o_valor_de_r_na_categoria_em(java.lang.String,java.lang.Double,java.lang.String,java.lang.String)&amp#27;[0m
  &amp#27;[32mAnd &amp#27;[0m&amp#27;[32mque outra despesa com ID &amp#27;[0m&amp#27;[32m&amp#27;[1m"despesa-def"&amp#27;[0m&amp#27;[32m tem o valor de R$ &amp#27;[0m&amp#27;[32m&amp#27;[1m70.00&amp#27;[0m&amp#27;[32m na categoria &amp#27;[0m&amp#27;[32m&amp#27;[1m"Alimentação"&amp#27;[0m&amp#27;[32m em &amp#27;[0m&amp#27;[32m&amp#27;[1m"10/2025"&amp#27;[0m          &amp#27;[90m# dominio.reembolso.ReembolsoTest.que_outra_despesa_com_id_tem_o_valor_de_r_na_categoria_em(java.lang.String,java.lang.Double,java.lang.String,java.lang.String)&amp#27;[0m
  &amp#27;[32mAnd &amp#27;[0m&amp#27;[32mo total de receitas do usuário é de R$ &amp#27;[0m&amp#27;[32m&amp#27;[1m1000.00&amp#27;[0m                                                                  &amp#27;[90m# dominio.reembolso.ReembolsoTest.o_total_de_receitas_do_usuario_e_de_r(java.lang.Double)&amp#27;[0m
  &amp#27;[32mWhen &amp#27;[0m&amp#27;[32meu registrar um reembolso de R$ &amp#27;[0m&amp#27;[32m&amp#27;[1m20.00&amp#27;[0m&amp#27;[32m vinculado à despesa com ID &amp#27;[0m&amp#27;[32m&amp#27;[1m"despesa-abc"&amp#27;[0m                                 &amp#27;[90m# dominio.reembolso.ReembolsoTest.eu_registrar_um_reembolso_vinculado_a_despesa_com_id(java.lang.Double,java.lang.String)&amp#27;[0m
  &amp#27;[32mThen &amp#27;[0m&amp#27;[32mo total de gastos na categoria &amp#27;[0m&amp#27;[32m&amp#27;[1m"Alimentação"&amp#27;[0m&amp#27;[32m em &amp#27;[0m&amp#27;[32m&amp#27;[1m"10/2025"&amp#27;[0m&amp#27;[32m deve ser de R$ &amp#27;[0m&amp#27;[32m&amp#27;[1m130.00&amp#27;[0m                                &amp#27;[90m# dominio.reembolso.ReembolsoTest.o_total_de_gastos_na_categoria_em_deve_ser_de_r(java.lang.String,java.lang.String,java.lang.Double)&amp#27;[0m
  &amp#27;[32mAnd &amp#27;[0m&amp#27;[32mo total de receitas do usuário deve permanecer R$ &amp#27;[0m&amp#27;[32m&amp#27;[1m1000.00&amp#27;[0m                                                       &amp#27;[90m# dominio.reembolso.ReembolsoTest.o_total_de_receitas_do_usuario_deve_permanecer_r(java.lang.Double)&amp#27;[0m
]]></system-out>
  </testcase>
  <testcase name="[FALHA] Lógica contábil não é aplicada se o reembolso for inválido (ex: valor alto)" classname="Tratamento de Reembolsos" time="0.004">
    <system-out><![CDATA[
Scenario: [FALHA] Lógica contábil não é aplicada se o reembolso for inválido (ex: valor alto)                                    &amp#27;[90m# tratamento_reembolsos.feature:34&amp#27;[0m
  &amp#27;[32mGiven &amp#27;[0m&amp#27;[32mque uma despesa original com ID &amp#27;[0m&amp#27;[32m&amp#27;[1m"despesa-ghi"&amp#27;[0m&amp#27;[32m tem o valor de R$ &amp#27;[0m&amp#27;[32m&amp#27;[1m50.00&amp#27;[0m&amp#27;[32m na categoria &amp#27;[0m&amp#27;[32m&amp#27;[1m"Lazer"&amp#27;[0m&amp#27;[32m em &amp#27;[0m&amp#27;[32m&amp#27;[1m"10/2025"&amp#27;[0m                  &amp#27;[90m# dominio.reembolso.ReembolsoTest.que_uma_despesa_original_com_id_tem_o_valor_de_r_na_categoria_em(java.lang.String,java.lang.Double,java.lang.String,java.lang.String)&amp#27;[0m
  &amp#27;[32mWhen &amp#27;[0m&amp#27;[32meu tento registrar um reembolso de R$ &amp#27;[0m&amp#27;[32m&amp#27;[1m60.00&amp#27;[0m&amp#27;[32m para a despesa com ID &amp#27;[0m&amp#27;[32m&amp#27;[1m"despesa-ghi"&amp#27;[0m                                           &amp#27;[90m# dominio.reembolso.ReembolsoTest.eu_tento_registrar_um_reembolso_de_r_para_a_despesa_com_id(java.lang.Double,java.lang.String)&amp#27;[0m
  &amp#27;[32mThen &amp#27;[0m&amp#27;[32mo sistema de reembolso deve exibir a mensagem de erro &amp#27;[0m&amp#27;[32m&amp#27;[1m"O valor do reembolso não pode ser maior que o da despesa original"&amp#27;[0m &amp#27;[90m# dominio.reembolso.ReembolsoTest.o_sistema_de_reembolso_deve_exibir_a_mensagem_de_erro(java.lang.String)&amp#27;[0m
  &amp#27;[32mAnd &amp#27;[0m&amp#27;[32mo total de gastos na categoria &amp#27;[0m&amp#27;[32m&amp#27;[1m"Lazer"&amp#27;[0m&amp#27;[32m em &amp#27;[0m&amp#27;[32m&amp#27;[1m"10/2025"&amp#27;[0m&amp#27;[32m deve ser de R$ &amp#27;[0m&amp#27;[32m&amp#27;[1m50.00&amp#27;[0m                                                   &amp#27;[90m# dominio.reembolso.ReembolsoTest.o_total_de_gastos_na_categoria_em_deve_ser_de_r(java.lang.String,java.lang.String,java.lang.Double)&amp#27;[0m
]]></system-out>
  </testcase>
  <testcase name="[SUCESSO] Reembolso restaura corretamente o valor no orçamento" classname="Tratamento de Reembolsos" time="0.004">
    <system-out><![CDATA[
Scenario: [SUCESSO] Reembolso restaura corretamente o valor no orçamento                                &amp#27;[90m# tratamento_reembolsos.feature:44&amp#27;[0m
  &amp#27;[32mGiven &amp#27;[0m&amp#27;[32mque tenho um orçamento de R$ &amp#27;[0m&amp#27;[32m&amp#27;[1m500.00&amp#27;[0m&amp#27;[32m para &amp#27;[0m&amp#27;[32m&amp#27;[1m"Alimentação"&amp#27;[0m&amp#27;[32m em &amp#27;[0m&amp#27;[32m&amp#27;[1m"10/2025"&amp#27;[0m                             &amp#27;[90m# dominio.reembolso.ReembolsoTest.que_tenho_um_orcamento_de_r_para_em(java.lang.Double,java.lang.String,java.lang.String)&amp#27;[0m
  &amp#27;[32mAnd &amp#27;[0m&amp#27;[32mque uma despesa original com ID &amp#27;[0m&amp#27;[32m&amp#27;[1m"despesa-xyz"&amp#27;[0m&amp#27;[32m tem o valor de R$ &amp#27;[0m&amp#27;[32m&amp#27;[1m400.00&amp#27;[0m&amp#27;[32m na categoria &amp#27;[0m&amp#27;[32m&amp#27;[1m"Alimentação"&amp#27;[0m &amp#27;[90m# dominio.reembolso.ReembolsoTest.que_uma_despesa_original_com_id_tem_o_valor_de_r_na_categoria(java.lang.String,java.lang.Double,java.lang.String)&amp#27;[0m
  &amp#27;[32mWhen &amp#27;[0m&amp#27;[32meu receber um reembolso de R$ &amp#27;[0m&amp#27;[32m&amp#27;[1m30.00&amp#27;[0m&amp#27;[32m vinculado à despesa com ID &amp#27;[0m&amp#27;[32m&amp#27;[1m"despesa-xyz"&amp#27;[0m                     &amp#27;[90m# dominio.reembolso.ReembolsoTest.eu_receber_um_reembolso_de_r_vinculado_a_despesa_com_id(java.lang.Double,java.lang.String)&amp#27;[0m
  &amp#27;[32mThen &amp#27;[0m&amp#27;[32mo valor disponível no meu orçamento de &amp#27;[0m&amp#27;[32m&amp#27;[1m"Alimentação"&amp#27;[0m&amp#27;[32m em &amp#27;[0m&amp#27;[32m&amp#27;[1m"10/2025"&amp#27;[0m&amp#27;[32m deve ser de R$ &amp#27;[0m&amp#27;[32m&amp#27;[1m130.00&amp#27;[0m          &amp#27;[90m# dominio.reembolso.ReembolsoTest.o_valor_disponivel_no_meu_orcamento_de_em_deve_ser_de_r(java.lang.String,java.lang.String,java.lang.Double)&amp#27;[0m
]]></system-out>
  </testcase>
  <testcase name="[FALHA] Orçamento não é alterado se o reembolso for inválido (ex: sem vínculo)" classname="Tratamento de Reembolsos" time="0.002">
    <system-out><![CDATA[
Scenario: [FALHA] Orçamento não é alterado se o reembolso for inválido (ex: sem vínculo)                           &amp#27;[90m# tratamento_reembolsos.feature:50&amp#27;[0m
  &amp#27;[32mGiven &amp#27;[0m&amp#27;[32mque tenho um orçamento de R$ &amp#27;[0m&amp#27;[32m&amp#27;[1m300.00&amp#27;[0m&amp#27;[32m para &amp#27;[0m&amp#27;[32m&amp#27;[1m"Transporte"&amp#27;[0m&amp#27;[32m em &amp#27;[0m&amp#27;[32m&amp#27;[1m"11/2025"&amp#27;[0m                                         &amp#27;[90m# dominio.reembolso.ReembolsoTest.que_tenho_um_orcamento_de_r_para_em(java.lang.Double,java.lang.String,java.lang.String)&amp#27;[0m
  &amp#27;[32mAnd &amp#27;[0m&amp#27;[32mque uma despesa original com ID &amp#27;[0m&amp#27;[32m&amp#27;[1m"despesa-tst"&amp#27;[0m&amp#27;[32m tem o valor de R$ &amp#27;[0m&amp#27;[32m&amp#27;[1m50.00&amp#27;[0m&amp#27;[32m na categoria &amp#27;[0m&amp#27;[32m&amp#27;[1m"Transporte"&amp#27;[0m&amp#27;[32m em &amp#27;[0m&amp#27;[32m&amp#27;[1m"11/2025"&amp#27;[0m &amp#27;[90m# dominio.reembolso.ReembolsoTest.que_uma_despesa_original_com_id_tem_o_valor_de_r_na_categoria_em(java.lang.String,java.lang.Double,java.lang.String,java.lang.String)&amp#27;[0m
  &amp#27;[32mWhen &amp#27;[0m&amp#27;[32meu tento registrar um reembolso de R$ &amp#27;[0m&amp#27;[32m&amp#27;[1m20.00&amp#27;[0m&amp#27;[32m sem selecionar uma despesa original&amp#27;[0m                             &amp#27;[90m# dominio.reembolso.ReembolsoTest.eu_tento_registrar_um_reembolso_de_r_sem_selecionar_uma_despesa_original(java.lang.Double)&amp#27;[0m
  &amp#27;[32mThen &amp#27;[0m&amp#27;[32mo sistema de reembolso deve exibir a mensagem de erro &amp#27;[0m&amp#27;[32m&amp#27;[1m"O ID da despesa original não pode ser nulo"&amp#27;[0m          &amp#27;[90m# dominio.reembolso.ReembolsoTest.o_sistema_de_reembolso_deve_exibir_a_mensagem_de_erro(java.lang.String)&amp#27;[0m
  &amp#27;[32mAnd &amp#27;[0m&amp#27;[32mo valor disponível no meu orçamento de &amp#27;[0m&amp#27;[32m&amp#27;[1m"Transporte"&amp#27;[0m&amp#27;[32m em &amp#27;[0m&amp#27;[32m&amp#27;[1m"11/2025"&amp#27;[0m&amp#27;[32m deve ser de R$ &amp#27;[0m&amp#27;[32m&amp#27;[1m250.00&amp#27;[0m                       &amp#27;[90m# dominio.reembolso.ReembolsoTest.o_valor_disponivel_no_meu_orcamento_de_em_deve_ser_de_r(java.lang.String,java.lang.String,java.lang.Double)&amp#27;[0m
]]></system-out>
  </testcase>
  <testcase name="[SUCESSO] Permitir registrar reembolso com valor igual à despesa" classname="Tratamento de Reembolsos" time="0.002">
    <system-out><![CDATA[
Scenario: [SUCESSO] Permitir registrar reembolso com valor igual à despesa             &amp#27;[90m# tratamento_reembolsos.feature:61&amp#27;[0m
  &amp#27;[32mGiven &amp#27;[0m&amp#27;[32mque eu tenho uma despesa original com ID &amp#27;[0m&amp#27;[32m&amp#27;[1m"despesa-789"&amp#27;[0m&amp#27;[32m de R$ &amp#27;[0m&amp#27;[32m&amp#27;[1m75.00&amp#27;[0m             &amp#27;[90m# dominio.reembolso.ReembolsoTest.que_eu_tenho_uma_despesa_original_com_id_de_r(java.lang.String,java.lang.Double)&amp#27;[0m
  &amp#27;[32mWhen &amp#27;[0m&amp#27;[32meu tento registrar um reembolso de R$ &amp#27;[0m&amp#27;[32m&amp#27;[1m75.00&amp#27;[0m&amp#27;[32m para a despesa com ID &amp#27;[0m&amp#27;[32m&amp#27;[1m"despesa-789"&amp#27;[0m &amp#27;[90m# dominio.reembolso.ReembolsoTest.eu_tento_registrar_um_reembolso_de_r_para_a_despesa_com_id(java.lang.Double,java.lang.String)&amp#27;[0m
  &amp#27;[32mThen &amp#27;[0m&amp#27;[32mo sistema deve criar uma nova transação do tipo &amp#27;[0m&amp#27;[32m&amp#27;[1m"REEMBOLSO"&amp#27;[0m                     &amp#27;[90m# dominio.reembolso.ReembolsoTest.o_sistema_deve_criar_uma_nova_transacao_do_tipo(java.lang.String)&amp#27;[0m
]]></system-out>
  </testcase>
  <testcase name="[FALHA] Rejeitar reembolso com valor maior que a despesa" classname="Tratamento de Reembolsos" time="0.007">
    <system-out><![CDATA[
Scenario: [FALHA] Rejeitar reembolso com valor maior que a despesa                                                               &amp#27;[90m# tratamento_reembolsos.feature:66&amp#27;[0m
  &amp#27;[32mGiven &amp#27;[0m&amp#27;[32mque eu tenho uma despesa original com ID &amp#27;[0m&amp#27;[32m&amp#27;[1m"despesa-456"&amp#27;[0m&amp#27;[32m de R$ &amp#27;[0m&amp#27;[32m&amp#27;[1m80.00&amp#27;[0m                                                       &amp#27;[90m# dominio.reembolso.ReembolsoTest.que_eu_tenho_uma_despesa_original_com_id_de_r(java.lang.String,java.lang.Double)&amp#27;[0m
  &amp#27;[32mWhen &amp#27;[0m&amp#27;[32meu tento registrar um reembolso de R$ &amp#27;[0m&amp#27;[32m&amp#27;[1m90.00&amp#27;[0m&amp#27;[32m para a despesa com ID &amp#27;[0m&amp#27;[32m&amp#27;[1m"despesa-456"&amp#27;[0m                                           &amp#27;[90m# dominio.reembolso.ReembolsoTest.eu_tento_registrar_um_reembolso_de_r_para_a_despesa_com_id(java.lang.Double,java.lang.String)&amp#27;[0m
  &amp#27;[32mThen &amp#27;[0m&amp#27;[32mo sistema de reembolso deve exibir a mensagem de erro &amp#27;[0m&amp#27;[32m&amp#27;[1m"O valor do reembolso não pode ser maior que o da despesa original"&amp#27;[0m &amp#27;[90m# dominio.reembolso.ReembolsoTest.o_sistema_de_reembolso_deve_exibir_a_mensagem_de_erro(java.lang.String)&amp#27;[0m
]]></system-out>
  </testcase>
</testsuite>